<?xml version="1.0" encoding="UTF-8"?>
<!-- Generated by org.testng.reporters.JUnitXMLReporter -->
<testsuite ignored="0" hostname="SAK-LAPPDC262" failures="0" tests="11" name="Default test" time="21.989" errors="0" timestamp="2024-11-26T12:25:50 IST">
  <testcase classname="com.shiv.testcases.AddCustomer" name="addCustomer" time="15.845"/>
  <testcase classname="com.shiv.testcases.AddCustomer" name="addCustomer" time="0.608"/>
  <testcase classname="com.shiv.testcases.AddCustomer" name="addCustomer" time="0.475"/>
  <testcase classname="com.shiv.testcases.AddCustomer" name="addCustomer" time="0.439"/>
  <testcase classname="com.shiv.testcases.AddCustomer" name="addCustomer" time="0.499"/>
  <testcase classname="com.shiv.testcases.AddCustomer" name="addCustomer" time="0.444"/>
  <testcase classname="com.shiv.testcases.AddCustomer" name="addCustomer" time="0.413"/>
  <testcase classname="com.shiv.testcases.AddCustomer" name="addCustomer" time="0.427"/>
  <testcase classname="com.shiv.testcases.AddCustomer" name="addCustomer" time="0.413"/>
  <testcase classname="com.shiv.testcases.AddCustomer" name="addCustomer" time="0.529"/>
  <testcase classname="com.shiv.testcases.AddCustomer" name="addCustomer" time="0.495"/>
</testsuite> <!-- Default test -->
