<?xml version="1.0" encoding="UTF-8"?>
<!-- Generated by org.testng.reporters.JUnitXMLReporter -->
<testsuite ignored="0" hostname="SAK-LAPPDC262" failures="0" tests="10" name="Add Customer Test" time="12.336" errors="0" timestamp="2024-11-22T13:27:09 IST">
  <testcase classname="com.shiv.testcases.AddCustomer" name="addCustomer" time="5.767"/>
  <testcase classname="com.shiv.testcases.AddCustomer" name="addCustomer" time="0.625"/>
  <testcase classname="com.shiv.testcases.AddCustomer" name="addCustomer" time="0.583"/>
  <testcase classname="com.shiv.testcases.AddCustomer" name="addCustomer" time="1.147"/>
  <testcase classname="com.shiv.testcases.AddCustomer" name="addCustomer" time="0.644"/>
  <testcase classname="com.shiv.testcases.AddCustomer" name="addCustomer" time="0.575"/>
  <testcase classname="com.shiv.testcases.AddCustomer" name="addCustomer" time="0.571"/>
  <testcase classname="com.shiv.testcases.AddCustomer" name="addCustomer" time="0.607"/>
  <testcase classname="com.shiv.testcases.AddCustomer" name="addCustomer" time="0.44"/>
  <testcase classname="com.shiv.testcases.AddCustomer" name="addCustomer" time="0.491"/>
</testsuite> <!-- Add Customer Test -->
