<?xml version="1.0" encoding="UTF-8"?>
<testsuite xmlns:xsi="http://www.w3.org/2001/XMLSchema-instance" xsi:noNamespaceSchemaLocation="https://maven.apache.org/surefire/maven-surefire-plugin/xsd/surefire-test-report.xsd" version="3.0.2" name="TestSuite" time="21.615" tests="16" errors="0" skipped="4" failures="0">
  <properties>
[...]
</properties>
  <testcase name="loginTest" classname="com.shiv.testcases.LoginTest" time="5.706">
    <system-out><![CDATA[03-12-2024 14:57:27.536 [main] DEBUG com.shiv.common.BaseSetup - config.properties file loaded
03-12-2024 14:57:27.539 [main] DEBUG com.shiv.common.BaseSetup - OR.properties file loaded
03-12-2024 14:57:29.273 [main] DEBUG com.shiv.common.BaseSetup - Chrome browser launched
03-12-2024 14:57:30.611 [main] DEBUG com.shiv.common.BaseSetup - Navigated to URL: https://way2automation.com/angularjs-protractor/banking/#/login
03-12-2024 14:57:30.648 [main] DEBUG com.shiv.common.BaseSetup - Browser window maximized

path of xls is java.io.FileInputStream@4567e53d
03-12-2024 14:57:30.969 [main] DEBUG org.apache.poi.openxml4j.opc.PackageRelationshipCollection - Parsing relationship: /xl/_rels/workbook.xml.rels
03-12-2024 14:57:30.988 [main] DEBUG org.apache.poi.openxml4j.opc.PackageRelationshipCollection - Parsing relationship: /_rels/.rels
03-12-2024 14:57:31.527 [main] DEBUG com.shiv.common.BaseSetup - Manager Login Button clicked
03-12-2024 14:57:36.546 [main] DEBUG com.shiv.common.BaseSetup - Logged in url validated
03-12-2024 14:57:36.556 [main] DEBUG com.shiv.common.BaseSetup - Add Customer Button is present
03-12-2024 14:57:36.556 [main] DEBUG com.shiv.common.BaseSetup - Manager Logged in Succcessfully
]]></system-out>
    <system-err><![CDATA[SLF4J: Failed to load class "org.slf4j.impl.StaticLoggerBinder".
SLF4J: Defaulting to no-operation (NOP) logger implementation
SLF4J: See http://www.slf4j.org/codes.html#StaticLoggerBinder for further details.
Dec 03, 2024 2:57:29 PM org.openqa.selenium.devtools.CdpVersionFinder findNearestMatch
WARNING: Unable to find an exact match for CDP version 131, returning the closest version; found: 127; Please update to a Selenium version that supports CDP version 131
]]></system-err>
  </testcase>
  <testcase name="addCustomerTest[{alerttext=Customer added successfully, postcode=A234wd, lastname=Arora, runmode=Y, firstname=Raman}](1)" classname="com.shiv.testcases.AddCustomerTest" time="5.652">
    <system-out><![CDATA[DEBUG   17332   [freemark] (): Couldn't find template in cache for "spark/spark.spa.ftl"("en_IN", UTF-8, parsed); will try to load it.
DEBUG   17332   [freemark] (): TemplateLoader.findTemplateSource("spark/spark.spa_en_IN.ftl"): Not found
DEBUG   17332   [freemark] (): TemplateLoader.findTemplateSource("spark/spark.spa_en.ftl"): Not found
DEBUG   17332   [freemark] (): TemplateLoader.findTemplateSource("spark/spark.spa.ftl"): Found
DEBUG   17332   [freemark] (): Loading template for "spark/spark.spa.ftl"("en_IN", UTF-8, parsed) from "jar:file:/C:/Users/Shivkumar.K/.m2/repository/com/aventstack/extentreports/5.1.2/extentreports-5.1.2.jar!/com/aventstack/extentreports/templates/spark/spark.spa.ftl"
DEBUG   17332   [freemark] (): Couldn't find template in cache for "commons/commons-variables.ftl"("en_IN", UTF-8, parsed); will try to load it.
DEBUG   17332   [freemark] (): TemplateLoader.findTemplateSource("commons/commons-variables_en_IN.ftl"): Not found
DEBUG   17332   [freemark] (): TemplateLoader.findTemplateSource("commons/commons-variables_en.ftl"): Not found
DEBUG   17332   [freemark] (): TemplateLoader.findTemplateSource("commons/commons-variables.ftl"): Found
DEBUG   17332   [freemark] (): Loading template for "commons/commons-variables.ftl"("en_IN", UTF-8, parsed) from "jar:file:/C:/Users/Shivkumar.K/.m2/repository/com/aventstack/extentreports/5.1.2/extentreports-5.1.2.jar!/com/aventstack/extentreports/templates/commons/commons-variables.ftl"
DEBUG   17332   [freemark] (): Couldn't find template in cache for "commons/commons-macros.ftl"("en_IN", UTF-8, parsed); will try to load it.
DEBUG   17332   [freemark] (): TemplateLoader.findTemplateSource("commons/commons-macros_en_IN.ftl"): Not found
DEBUG   17332   [freemark] (): TemplateLoader.findTemplateSource("commons/commons-macros_en.ftl"): Not found
DEBUG   17332   [freemark] (): TemplateLoader.findTemplateSource("commons/commons-macros.ftl"): Found
DEBUG   17332   [freemark] (): Loading template for "commons/commons-macros.ftl"("en_IN", UTF-8, parsed) from "jar:file:/C:/Users/Shivkumar.K/.m2/repository/com/aventstack/extentreports/5.1.2/extentreports-5.1.2.jar!/com/aventstack/extentreports/templates/commons/commons-macros.ftl"
DEBUG   17332   [freemark] (): Couldn't find template in cache for "spark/macros/attributes.ftl"("en_IN", UTF-8, parsed); will try to load it.
DEBUG   17332   [freemark] (): TemplateLoader.findTemplateSource("spark/macros/attributes_en_IN.ftl"): Not found
DEBUG   17332   [freemark] (): TemplateLoader.findTemplateSource("spark/macros/attributes_en.ftl"): Not found
DEBUG   17332   [freemark] (): TemplateLoader.findTemplateSource("spark/macros/attributes.ftl"): Found
DEBUG   17332   [freemark] (): Loading template for "spark/macros/attributes.ftl"("en_IN", UTF-8, parsed) from "jar:file:/C:/Users/Shivkumar.K/.m2/repository/com/aventstack/extentreports/5.1.2/extentreports-5.1.2.jar!/com/aventstack/extentreports/templates/spark/macros/attributes.ftl"
DEBUG   17332   [freemark] (): Couldn't find template in cache for "spark/macros/log.ftl"("en_IN", UTF-8, parsed); will try to load it.
DEBUG   17332   [freemark] (): TemplateLoader.findTemplateSource("spark/macros/log_en_IN.ftl"): Not found
DEBUG   17332   [freemark] (): TemplateLoader.findTemplateSource("spark/macros/log_en.ftl"): Not found
DEBUG   17332   [freemark] (): TemplateLoader.findTemplateSource("spark/macros/log.ftl"): Found
DEBUG   17332   [freemark] (): Loading template for "spark/macros/log.ftl"("en_IN", UTF-8, parsed) from "jar:file:/C:/Users/Shivkumar.K/.m2/repository/com/aventstack/extentreports/5.1.2/extentreports-5.1.2.jar!/com/aventstack/extentreports/templates/spark/macros/log.ftl"
DEBUG   17332   [freemark] (): Couldn't find template in cache for "spark/macros/recurse_nodes.ftl"("en_IN", UTF-8, parsed); will try to load it.
DEBUG   17332   [freemark] (): TemplateLoader.findTemplateSource("spark/macros/recurse_nodes_en_IN.ftl"): Not found
DEBUG   17332   [freemark] (): TemplateLoader.findTemplateSource("spark/macros/recurse_nodes_en.ftl"): Not found
DEBUG   17332   [freemark] (): TemplateLoader.findTemplateSource("spark/macros/recurse_nodes.ftl"): Found
DEBUG   17332   [freemark] (): Loading template for "spark/macros/recurse_nodes.ftl"("en_IN", UTF-8, parsed) from "jar:file:/C:/Users/Shivkumar.K/.m2/repository/com/aventstack/extentreports/5.1.2/extentreports-5.1.2.jar!/com/aventstack/extentreports/templates/spark/macros/recurse_nodes.ftl"
DEBUG   17332   [freemark] (): "spark/macros/log.ftl"("en_IN", UTF-8, parsed) cached copy not yet stale; using cached.
DEBUG   17332   [freemark] (): Couldn't find template in cache for "spark/macros/attr-common.ftl"("en_IN", UTF-8, parsed); will try to load it.
DEBUG   17332   [freemark] (): TemplateLoader.findTemplateSource("spark/macros/attr-common_en_IN.ftl"): Not found
DEBUG   17332   [freemark] (): TemplateLoader.findTemplateSource("spark/macros/attr-common_en.ftl"): Not found
DEBUG   17332   [freemark] (): TemplateLoader.findTemplateSource("spark/macros/attr-common.ftl"): Found
DEBUG   17332   [freemark] (): Loading template for "spark/macros/attr-common.ftl"("en_IN", UTF-8, parsed) from "jar:file:/C:/Users/Shivkumar.K/.m2/repository/com/aventstack/extentreports/5.1.2/extentreports-5.1.2.jar!/com/aventstack/extentreports/templates/spark/macros/attr-common.ftl"
DEBUG   17332   [freemark] (): Couldn't find template in cache for "spark/partials/head.ftl"("en_IN", UTF-8, parsed); will try to load it.
DEBUG   17332   [freemark] (): TemplateLoader.findTemplateSource("spark/partials/head_en_IN.ftl"): Not found
DEBUG   17332   [freemark] (): TemplateLoader.findTemplateSource("spark/partials/head_en.ftl"): Not found
DEBUG   17332   [freemark] (): TemplateLoader.findTemplateSource("spark/partials/head.ftl"): Found
DEBUG   17332   [freemark] (): Loading template for "spark/partials/head.ftl"("en_IN", UTF-8, parsed) from "jar:file:/C:/Users/Shivkumar.K/.m2/repository/com/aventstack/extentreports/5.1.2/extentreports-5.1.2.jar!/com/aventstack/extentreports/templates/spark/partials/head.ftl"
DEBUG   17332   [freemark] (): Couldn't find template in cache for "commons/commons-inject-css.ftl"("en_IN", UTF-8, parsed); will try to load it.
DEBUG   17332   [freemark] (): TemplateLoader.findTemplateSource("commons/commons-inject-css_en_IN.ftl"): Not found
DEBUG   17332   [freemark] (): TemplateLoader.findTemplateSource("commons/commons-inject-css_en.ftl"): Not found
DEBUG   17332   [freemark] (): TemplateLoader.findTemplateSource("commons/commons-inject-css.ftl"): Found
DEBUG   17332   [freemark] (): Loading template for "commons/commons-inject-css.ftl"("en_IN", UTF-8, parsed) from "jar:file:/C:/Users/Shivkumar.K/.m2/repository/com/aventstack/extentreports/5.1.2/extentreports-5.1.2.jar!/com/aventstack/extentreports/templates/commons/commons-inject-css.ftl"
DEBUG   17332   [freemark] (): Couldn't find template in cache for "spark/partials/navbar.ftl"("en_IN", UTF-8, parsed); will try to load it.
DEBUG   17332   [freemark] (): TemplateLoader.findTemplateSource("spark/partials/navbar_en_IN.ftl"): Not found
DEBUG   17332   [freemark] (): TemplateLoader.findTemplateSource("spark/partials/navbar_en.ftl"): Not found
DEBUG   17332   [freemark] (): TemplateLoader.findTemplateSource("spark/partials/navbar.ftl"): Found
DEBUG   17332   [freemark] (): Loading template for "spark/partials/navbar.ftl"("en_IN", UTF-8, parsed) from "jar:file:/C:/Users/Shivkumar.K/.m2/repository/com/aventstack/extentreports/5.1.2/extentreports-5.1.2.jar!/com/aventstack/extentreports/templates/spark/partials/navbar.ftl"
DEBUG   17332   [freemark] (): Couldn't find template in cache for "spark/partials/sidenav.ftl"("en_IN", UTF-8, parsed); will try to load it.
DEBUG   17332   [freemark] (): TemplateLoader.findTemplateSource("spark/partials/sidenav_en_IN.ftl"): Not found
DEBUG   17332   [freemark] (): TemplateLoader.findTemplateSource("spark/partials/sidenav_en.ftl"): Not found
DEBUG   17332   [freemark] (): TemplateLoader.findTemplateSource("spark/partials/sidenav.ftl"): Found
DEBUG   17332   [freemark] (): Loading template for "spark/partials/sidenav.ftl"("en_IN", UTF-8, parsed) from "jar:file:/C:/Users/Shivkumar.K/.m2/repository/com/aventstack/extentreports/5.1.2/extentreports-5.1.2.jar!/com/aventstack/extentreports/templates/spark/partials/sidenav.ftl"
DEBUG   17332   [freemark] (): Couldn't find template in cache for "spark/partials/test.ftl"("en_IN", UTF-8, parsed); will try to load it.
DEBUG   17332   [freemark] (): TemplateLoader.findTemplateSource("spark/partials/test_en_IN.ftl"): Not found
DEBUG   17332   [freemark] (): TemplateLoader.findTemplateSource("spark/partials/test_en.ftl"): Not found
DEBUG   17332   [freemark] (): TemplateLoader.findTemplateSource("spark/partials/test.ftl"): Found
DEBUG   17332   [freemark] (): Loading template for "spark/partials/test.ftl"("en_IN", UTF-8, parsed) from "jar:file:/C:/Users/Shivkumar.K/.m2/repository/com/aventstack/extentreports/5.1.2/extentreports-5.1.2.jar!/com/aventstack/extentreports/templates/spark/partials/test.ftl"
DEBUG   17332   [freemark] (): Couldn't find template in cache for "spark/partials/standard-content.ftl"("en_IN", UTF-8, parsed); will try to load it.
DEBUG   17332   [freemark] (): TemplateLoader.findTemplateSource("spark/partials/standard-content_en_IN.ftl"): Not found
DEBUG   17332   [freemark] (): TemplateLoader.findTemplateSource("spark/partials/standard-content_en.ftl"): Not found
DEBUG   17332   [freemark] (): TemplateLoader.findTemplateSource("spark/partials/standard-content.ftl"): Found
DEBUG   17332   [freemark] (): Loading template for "spark/partials/standard-content.ftl"("en_IN", UTF-8, parsed) from "jar:file:/C:/Users/Shivkumar.K/.m2/repository/com/aventstack/extentreports/5.1.2/extentreports-5.1.2.jar!/com/aventstack/extentreports/templates/spark/partials/standard-content.ftl"
DEBUG   17332   [freemark] (): "spark/partials/standard-content.ftl"("en_IN", UTF-8, parsed) cached copy not yet stale; using cached.
DEBUG   17332   [freemark] (): Couldn't find template in cache for "spark/partials/exception.ftl"("en_IN", UTF-8, parsed); will try to load it.
DEBUG   17332   [freemark] (): TemplateLoader.findTemplateSource("spark/partials/exception_en_IN.ftl"): Not found
DEBUG   17332   [freemark] (): TemplateLoader.findTemplateSource("spark/partials/exception_en.ftl"): Not found
DEBUG   17332   [freemark] (): TemplateLoader.findTemplateSource("spark/partials/exception.ftl"): Found
DEBUG   17332   [freemark] (): Loading template for "spark/partials/exception.ftl"("en_IN", UTF-8, parsed) from "jar:file:/C:/Users/Shivkumar.K/.m2/repository/com/aventstack/extentreports/5.1.2/extentreports-5.1.2.jar!/com/aventstack/extentreports/templates/spark/partials/exception.ftl"
DEBUG   17332   [freemark] (): Couldn't find template in cache for "spark/partials/category.ftl"("en_IN", UTF-8, parsed); will try to load it.
DEBUG   17332   [freemark] (): TemplateLoader.findTemplateSource("spark/partials/category_en_IN.ftl"): Not found
DEBUG   17332   [freemark] (): TemplateLoader.findTemplateSource("spark/partials/category_en.ftl"): Not found
DEBUG   17332   [freemark] (): TemplateLoader.findTemplateSource("spark/partials/category.ftl"): Found
DEBUG   17332   [freemark] (): Loading template for "spark/partials/category.ftl"("en_IN", UTF-8, parsed) from "jar:file:/C:/Users/Shivkumar.K/.m2/repository/com/aventstack/extentreports/5.1.2/extentreports-5.1.2.jar!/com/aventstack/extentreports/templates/spark/partials/category.ftl"
DEBUG   17332   [freemark] (): Couldn't find template in cache for "spark/partials/device.ftl"("en_IN", UTF-8, parsed); will try to load it.
DEBUG   17332   [freemark] (): TemplateLoader.findTemplateSource("spark/partials/device_en_IN.ftl"): Not found
DEBUG   17332   [freemark] (): TemplateLoader.findTemplateSource("spark/partials/device_en.ftl"): Not found
DEBUG   17332   [freemark] (): TemplateLoader.findTemplateSource("spark/partials/device.ftl"): Found
DEBUG   17332   [freemark] (): Loading template for "spark/partials/device.ftl"("en_IN", UTF-8, parsed) from "jar:file:/C:/Users/Shivkumar.K/.m2/repository/com/aventstack/extentreports/5.1.2/extentreports-5.1.2.jar!/com/aventstack/extentreports/templates/spark/partials/device.ftl"
DEBUG   17332   [freemark] (): Couldn't find template in cache for "spark/partials/author.ftl"("en_IN", UTF-8, parsed); will try to load it.
DEBUG   17332   [freemark] (): TemplateLoader.findTemplateSource("spark/partials/author_en_IN.ftl"): Not found
DEBUG   17332   [freemark] (): TemplateLoader.findTemplateSource("spark/partials/author_en.ftl"): Not found
DEBUG   17332   [freemark] (): TemplateLoader.findTemplateSource("spark/partials/author.ftl"): Found
DEBUG   17332   [freemark] (): Loading template for "spark/partials/author.ftl"("en_IN", UTF-8, parsed) from "jar:file:/C:/Users/Shivkumar.K/.m2/repository/com/aventstack/extentreports/5.1.2/extentreports-5.1.2.jar!/com/aventstack/extentreports/templates/spark/partials/author.ftl"
DEBUG   17332   [freemark] (): Couldn't find template in cache for "spark/partials/log.ftl"("en_IN", UTF-8, parsed); will try to load it.
DEBUG   17332   [freemark] (): TemplateLoader.findTemplateSource("spark/partials/log_en_IN.ftl"): Not found
DEBUG   17332   [freemark] (): TemplateLoader.findTemplateSource("spark/partials/log_en.ftl"): Not found
DEBUG   17332   [freemark] (): TemplateLoader.findTemplateSource("spark/partials/log.ftl"): Found
DEBUG   17332   [freemark] (): Loading template for "spark/partials/log.ftl"("en_IN", UTF-8, parsed) from "jar:file:/C:/Users/Shivkumar.K/.m2/repository/com/aventstack/extentreports/5.1.2/extentreports-5.1.2.jar!/com/aventstack/extentreports/templates/spark/partials/log.ftl"
DEBUG   17332   [freemark] (): Couldn't find template in cache for "spark/partials/dashboard.ftl"("en_IN", UTF-8, parsed); will try to load it.
DEBUG   17332   [freemark] (): TemplateLoader.findTemplateSource("spark/partials/dashboard_en_IN.ftl"): Not found
DEBUG   17332   [freemark] (): TemplateLoader.findTemplateSource("spark/partials/dashboard_en.ftl"): Not found
DEBUG   17332   [freemark] (): TemplateLoader.findTemplateSource("spark/partials/dashboard.ftl"): Found
DEBUG   17332   [freemark] (): Loading template for "spark/partials/dashboard.ftl"("en_IN", UTF-8, parsed) from "jar:file:/C:/Users/Shivkumar.K/.m2/repository/com/aventstack/extentreports/5.1.2/extentreports-5.1.2.jar!/com/aventstack/extentreports/templates/spark/partials/dashboard.ftl"
DEBUG   17332   [freemark] (): Couldn't find template in cache for "spark/partials/scripts.ftl"("en_IN", UTF-8, parsed); will try to load it.
DEBUG   17332   [freemark] (): TemplateLoader.findTemplateSource("spark/partials/scripts_en_IN.ftl"): Not found
DEBUG   17332   [freemark] (): TemplateLoader.findTemplateSource("spark/partials/scripts_en.ftl"): Not found
DEBUG   17332   [freemark] (): TemplateLoader.findTemplateSource("spark/partials/scripts.ftl"): Found
DEBUG   17332   [freemark] (): Loading template for "spark/partials/scripts.ftl"("en_IN", UTF-8, parsed) from "jar:file:/C:/Users/Shivkumar.K/.m2/repository/com/aventstack/extentreports/5.1.2/extentreports-5.1.2.jar!/com/aventstack/extentreports/templates/spark/partials/scripts.ftl"
DEBUG   17332   [freemark] (): Couldn't find template in cache for "commons/commons-inject-js.ftl"("en_IN", UTF-8, parsed); will try to load it.
DEBUG   17332   [freemark] (): TemplateLoader.findTemplateSource("commons/commons-inject-js_en_IN.ftl"): Not found
DEBUG   17332   [freemark] (): TemplateLoader.findTemplateSource("commons/commons-inject-js_en.ftl"): Not found
DEBUG   17332   [freemark] (): TemplateLoader.findTemplateSource("commons/commons-inject-js.ftl"): Found
DEBUG   17332   [freemark] (): Loading template for "commons/commons-inject-js.ftl"("en_IN", UTF-8, parsed) from "jar:file:/C:/Users/Shivkumar.K/.m2/repository/com/aventstack/extentreports/5.1.2/extentreports-5.1.2.jar!/com/aventstack/extentreports/templates/commons/commons-inject-js.ftl"
DEBUG   17332   [freemark] (): "spark/spark.spa.ftl"("en_IN", UTF-8, parsed) cached copy not yet stale; using cached.
DEBUG   17332   [freemark] (): "commons/commons-variables.ftl"("en_IN", UTF-8, parsed) cached copy not yet stale; using cached.
DEBUG   17332   [freemark] (): "commons/commons-macros.ftl"("en_IN", UTF-8, parsed) cached copy not yet stale; using cached.
DEBUG   17332   [freemark] (): "spark/macros/attributes.ftl"("en_IN", UTF-8, parsed) cached copy not yet stale; using cached.
DEBUG   17332   [freemark] (): "spark/macros/log.ftl"("en_IN", UTF-8, parsed) cached copy not yet stale; using cached.
DEBUG   17332   [freemark] (): "spark/macros/recurse_nodes.ftl"("en_IN", UTF-8, parsed) cached copy not yet stale; using cached.
DEBUG   17332   [freemark] (): "spark/macros/log.ftl"("en_IN", UTF-8, parsed) cached copy not yet stale; using cached.
DEBUG   17332   [freemark] (): "spark/macros/attr-common.ftl"("en_IN", UTF-8, parsed) cached copy not yet stale; using cached.
DEBUG   17332   [freemark] (): "spark/partials/head.ftl"("en_IN", UTF-8, parsed) cached copy not yet stale; using cached.
DEBUG   17332   [freemark] (): "commons/commons-inject-css.ftl"("en_IN", UTF-8, parsed) cached copy not yet stale; using cached.
DEBUG   17332   [freemark] (): "spark/partials/navbar.ftl"("en_IN", UTF-8, parsed) cached copy not yet stale; using cached.
DEBUG   17332   [freemark] (): "spark/partials/sidenav.ftl"("en_IN", UTF-8, parsed) cached copy not yet stale; using cached.
DEBUG   17332   [freemark] (): "spark/partials/test.ftl"("en_IN", UTF-8, parsed) cached copy not yet stale; using cached.
DEBUG   17332   [freemark] (): "spark/partials/standard-content.ftl"("en_IN", UTF-8, parsed) cached copy not yet stale; using cached.
DEBUG   17332   [freemark] (): "spark/partials/standard-content.ftl"("en_IN", UTF-8, parsed) cached copy not yet stale; using cached.
DEBUG   17332   [freemark] (): "spark/partials/exception.ftl"("en_IN", UTF-8, parsed) cached copy not yet stale; using cached.
DEBUG   17332   [freemark] (): "spark/partials/category.ftl"("en_IN", UTF-8, parsed) cached copy not yet stale; using cached.
DEBUG   17332   [freemark] (): "spark/partials/device.ftl"("en_IN", UTF-8, parsed) cached copy not yet stale; using cached.
DEBUG   17332   [freemark] (): "spark/partials/author.ftl"("en_IN", UTF-8, parsed) cached copy not yet stale; using cached.
DEBUG   17332   [freemark] (): "spark/partials/log.ftl"("en_IN", UTF-8, parsed) cached copy not yet stale; using cached.
DEBUG   17332   [freemark] (): "spark/partials/dashboard.ftl"("en_IN", UTF-8, parsed) cached copy not yet stale; using cached.
DEBUG   17332   [freemark] (): "spark/partials/scripts.ftl"("en_IN", UTF-8, parsed) cached copy not yet stale; using cached.
DEBUG   17332   [freemark] (): "commons/commons-inject-js.ftl"("en_IN", UTF-8, parsed) cached copy not yet stale; using cached.
sheetName = addCustomerTest

path of xls is java.io.FileInputStream@7bcecef6
03-12-2024 14:57:37.108 [main] DEBUG org.apache.poi.openxml4j.opc.PackageRelationshipCollection - Parsing relationship: /xl/_rels/workbook.xml.rels
03-12-2024 14:57:37.111 [main] DEBUG org.apache.poi.openxml4j.opc.PackageRelationshipCollection - Parsing relationship: /_rels/.rels
Data at [0][0]: Raman
Data at [0][1]: Arora
Data at [0][2]: A234wd
Data at [0][3]: Customer added successfully
Data at [0][4]: Y
Data at [1][0]: Shivkumar
Data at [1][1]: Konnuri
Data at [1][2]: 123456.0
Data at [1][3]: Customer added successfully
Data at [1][4]: Y
Data at [2][0]: Ishita
Data at [2][2]: A234wd
Data at [2][3]: Customer added successfully
Data at [2][4]: Y
Data at [3][1]: Sehgal
Data at [3][2]: A234wd
Data at [3][3]: Customer added successfully
Data at [3][4]: Y
Data at [4][0]: Shivkumar
Data at [4][1]: Konnuri
Data at [4][3]: Customer added successfully
Data at [4][4]: Y
Data at [5][0]: Shivkumar
Data at [5][3]: Customer added successfully
Data at [5][4]: Y
Data at [6][2]: 123456.0
Data at [6][3]: Customer added successfully
Data at [6][4]: Y
Data at [7][1]: Konnuri
Data at [7][3]: Customer added successfully
Data at [7][4]: Y
Data at [8][3]: Customer added successfully
Data at [8][4]: Y
Data at [9][0]: Shiv
Data at [9][1]: Konnuri
Data at [9][2]: 123456.0
Data at [9][3]: Customer added successfully
Data at [9][4]: N
Data at [10][0]:   
Data at [10][1]:        
Data at [10][2]:         
Data at [10][3]: Customer added successfully
Data at [10][4]: Y
Data at [11][3]: Please check the details
Data at [11][4]: Y

path of xls is java.io.FileInputStream@ebda593
03-12-2024 14:57:37.195 [main] DEBUG org.apache.poi.openxml4j.opc.PackageRelationshipCollection - Parsing relationship: /xl/_rels/workbook.xml.rels
03-12-2024 14:57:37.198 [main] DEBUG org.apache.poi.openxml4j.opc.PackageRelationshipCollection - Parsing relationship: /_rels/.rels
03-12-2024 14:57:37.225 [main] DEBUG com.shiv.common.BaseSetup - Test parameters - FirstName: Raman, LastName: Arora, ZipCode: A234wd, AlertText: Customer added successfully, RunMode: Y
03-12-2024 14:57:37.293 [main] DEBUG com.shiv.common.BaseSetup - Add Customer button clicked
03-12-2024 14:57:42.324 [main] DEBUG com.shiv.common.BaseSetup - Navigated to Add Customer page
03-12-2024 14:57:42.693 [main] DEBUG com.shiv.common.BaseSetup - Add Customer button clicked
03-12-2024 14:57:42.698 [main] INFO  com.shiv.common.BaseSetup - Alert detected: Customer added successfully with customer id :6
03-12-2024 14:57:42.699 [main] INFO  com.shiv.common.BaseSetup - actualAlertText = true
03-12-2024 14:57:42.709 [main] DEBUG com.shiv.common.BaseSetup - Error while checking if text is empty for locator: firstNameInput
org.openqa.selenium.UnhandledAlertException: unexpected alert open: {Alert text : Customer added successfully with customer id :6}
  (Session info: chrome=131.0.6778.86): Customer added successfully with customer id :6
Build info: version: '4.23.0', revision: '4df0a231af'
System info: os.name: 'Windows 10', os.arch: 'amd64', os.version: '10.0', java.version: '17.0.11'
Driver info: org.openqa.selenium.chrome.ChromeDriver
Command: [faeeb7f25da420fcd919c3ac1bfa6c95, findElement {value=input[ng-model='fName'], using=css selector}]
Capabilities {acceptInsecureCerts: false, browserName: chrome, browserVersion: 131.0.6778.86, chrome: {chromedriverVersion: 131.0.6778.85 (3d81e41b6f3a..., userDataDir: C:\Users\SHIVKU~1.K\AppData...}, fedcm:accounts: true, goog:chromeOptions: {debuggerAddress: localhost:64065}, networkConnectionEnabled: false, pageLoadStrategy: normal, platformName: windows, proxy: Proxy(), se:cdp: ws://localhost:64065/devtoo..., se:cdpVersion: 131.0.6778.86, setWindowRect: true, strictFileInteractability: false, timeouts: {implicit: 0, pageLoad: 300000, script: 30000}, unhandledPromptBehavior: dismiss and notify, webauthn:extension:credBlob: true, webauthn:extension:largeBlob: true, webauthn:extension:minPinLength: true, webauthn:extension:prf: true, webauthn:virtualAuthenticators: true}
Session ID: faeeb7f25da420fcd919c3ac1bfa6c95
	at org.openqa.selenium.remote.codec.w3c.W3CHttpResponseCodec.decode(W3CHttpResponseCodec.java:136) ~[selenium-remote-driver-4.23.0.jar:?]
	at org.openqa.selenium.remote.codec.w3c.W3CHttpResponseCodec.decode(W3CHttpResponseCodec.java:50) ~[selenium-remote-driver-4.23.0.jar:?]
	at org.openqa.selenium.remote.HttpCommandExecutor.execute(HttpCommandExecutor.java:190) ~[selenium-remote-driver-4.23.0.jar:?]
	at org.openqa.selenium.remote.service.DriverCommandExecutor.invokeExecute(DriverCommandExecutor.java:216) ~[selenium-remote-driver-4.23.0.jar:?]
	at org.openqa.selenium.remote.service.DriverCommandExecutor.execute(DriverCommandExecutor.java:174) ~[selenium-remote-driver-4.23.0.jar:?]
	at org.openqa.selenium.remote.RemoteWebDriver.execute(RemoteWebDriver.java:527) ~[selenium-remote-driver-4.23.0.jar:?]
	at org.openqa.selenium.remote.ElementLocation$ElementFinder$2.findElement(ElementLocation.java:165) ~[selenium-remote-driver-4.23.0.jar:?]
	at org.openqa.selenium.remote.ElementLocation.findElement(ElementLocation.java:59) ~[selenium-remote-driver-4.23.0.jar:?]
	at org.openqa.selenium.remote.RemoteWebDriver.findElement(RemoteWebDriver.java:357) ~[selenium-remote-driver-4.23.0.jar:?]
	at org.openqa.selenium.remote.RemoteWebDriver.findElement(RemoteWebDriver.java:351) ~[selenium-remote-driver-4.23.0.jar:?]
	at org.openqa.selenium.support.ui.ExpectedConditions$7.apply(ExpectedConditions.java:194) ~[selenium-support-4.23.0.jar:?]
	at org.openqa.selenium.support.ui.ExpectedConditions$7.apply(ExpectedConditions.java:190) ~[selenium-support-4.23.0.jar:?]
	at org.openqa.selenium.support.ui.ExpectedConditions$22.apply(ExpectedConditions.java:627) ~[selenium-support-4.23.0.jar:?]
	at org.openqa.selenium.support.ui.ExpectedConditions$22.apply(ExpectedConditions.java:624) ~[selenium-support-4.23.0.jar:?]
	at org.openqa.selenium.support.ui.FluentWait.until(FluentWait.java:203) ~[selenium-support-4.23.0.jar:?]
	at com.shiv.common.BaseSetup.isTextEmpty(BaseSetup.java:157) ~[test-classes/:?]
	at com.shiv.testcases.AddCustomerTest.addCustomerTest(AddCustomerTest.java:58) ~[test-classes/:?]
	at java.base/jdk.internal.reflect.NativeMethodAccessorImpl.invoke0(Native Method) ~[?:?]
	at java.base/jdk.internal.reflect.NativeMethodAccessorImpl.invoke(NativeMethodAccessorImpl.java:77) ~[?:?]
	at java.base/jdk.internal.reflect.DelegatingMethodAccessorImpl.invoke(DelegatingMethodAccessorImpl.java:43) ~[?:?]
	at java.base/java.lang.reflect.Method.invoke(Method.java:568) ~[?:?]
	at org.testng.internal.invokers.MethodInvocationHelper.invokeMethod(MethodInvocationHelper.java:139) ~[testng-7.8.0.jar:7.8.0]
	at org.testng.internal.invokers.TestInvoker.invokeMethod(TestInvoker.java:664) ~[testng-7.8.0.jar:7.8.0]
	at org.testng.internal.invokers.TestInvoker.invokeTestMethod(TestInvoker.java:227) ~[testng-7.8.0.jar:7.8.0]
	at org.testng.internal.invokers.MethodRunner.runInSequence(MethodRunner.java:50) ~[testng-7.8.0.jar:7.8.0]
	at org.testng.internal.invokers.TestInvoker$MethodInvocationAgent.invoke(TestInvoker.java:957) ~[testng-7.8.0.jar:7.8.0]
	at org.testng.internal.invokers.TestInvoker.invokeTestMethods(TestInvoker.java:200) ~[testng-7.8.0.jar:7.8.0]
	at org.testng.internal.invokers.TestMethodWorker.invokeTestMethods(TestMethodWorker.java:148) ~[testng-7.8.0.jar:7.8.0]
	at org.testng.internal.invokers.TestMethodWorker.run(TestMethodWorker.java:128) ~[testng-7.8.0.jar:7.8.0]
	at java.base/java.util.ArrayList.forEach(ArrayList.java:1511) [?:?]
	at org.testng.TestRunner.privateRun(TestRunner.java:848) [testng-7.8.0.jar:7.8.0]
	at org.testng.TestRunner.run(TestRunner.java:621) [testng-7.8.0.jar:7.8.0]
	at org.testng.SuiteRunner.runTest(SuiteRunner.java:443) [testng-7.8.0.jar:7.8.0]
	at org.testng.SuiteRunner.runSequentially(SuiteRunner.java:437) [testng-7.8.0.jar:7.8.0]
	at org.testng.SuiteRunner.privateRun(SuiteRunner.java:397) [testng-7.8.0.jar:7.8.0]
	at org.testng.SuiteRunner.run(SuiteRunner.java:336) [testng-7.8.0.jar:7.8.0]
	at org.testng.SuiteRunnerWorker.runSuite(SuiteRunnerWorker.java:52) [testng-7.8.0.jar:7.8.0]
	at org.testng.SuiteRunnerWorker.run(SuiteRunnerWorker.java:95) [testng-7.8.0.jar:7.8.0]
	at org.testng.TestNG.runSuitesSequentially(TestNG.java:1280) [testng-7.8.0.jar:7.8.0]
	at org.testng.TestNG.runSuitesLocally(TestNG.java:1200) [testng-7.8.0.jar:7.8.0]
	at org.testng.TestNG.runSuites(TestNG.java:1114) [testng-7.8.0.jar:7.8.0]
	at org.testng.TestNG.run(TestNG.java:1082) [testng-7.8.0.jar:7.8.0]
	at org.apache.maven.surefire.testng.TestNGExecutor.run(TestNGExecutor.java:308) [surefire-testng-3.5.2.jar:3.5.2]
	at org.apache.maven.surefire.testng.TestNGXmlTestSuite.execute(TestNGXmlTestSuite.java:71) [surefire-testng-3.5.2.jar:3.5.2]
	at org.apache.maven.surefire.testng.TestNGProvider.invoke(TestNGProvider.java:113) [surefire-testng-3.5.2.jar:3.5.2]
	at org.apache.maven.surefire.booter.ForkedBooter.runSuitesInProcess(ForkedBooter.java:385) [surefire-booter-3.5.2.jar:3.5.2]
	at org.apache.maven.surefire.booter.ForkedBooter.execute(ForkedBooter.java:162) [surefire-booter-3.5.2.jar:3.5.2]
	at org.apache.maven.surefire.booter.ForkedBooter.run(ForkedBooter.java:507) [surefire-booter-3.5.2.jar:3.5.2]
	at org.apache.maven.surefire.booter.ForkedBooter.main(ForkedBooter.java:495) [surefire-booter-3.5.2.jar:3.5.2]
Value is  or value true
Value is  or value true
Value is  or value true
03-12-2024 14:57:42.807 [main] DEBUG com.shiv.common.BaseSetup - areFieldsNotEmpty = true
03-12-2024 14:57:42.808 [main] DEBUG com.shiv.common.BaseSetup - areFieldsEmpty = true
03-12-2024 14:57:42.811 [main] DEBUG com.shiv.common.BaseSetup - No alert present. Checking mandatory fields.
Value is  or value true
03-12-2024 14:57:42.838 [main] DEBUG com.shiv.common.BaseSetup - Mandatory fields are missing or invalid.
]]></system-out>
    <system-err><![CDATA[Error reading data at [2][1]: Cannot invoke "Object.toString()" because the return value of "org.apache.poi.ss.usermodel.Row.getCell(int)" is null
Error reading data at [3][0]: Cannot invoke "Object.toString()" because the return value of "org.apache.poi.ss.usermodel.Row.getCell(int)" is null
Error reading data at [4][2]: Cannot invoke "Object.toString()" because the return value of "org.apache.poi.ss.usermodel.Row.getCell(int)" is null
Error reading data at [5][1]: Cannot invoke "Object.toString()" because the return value of "org.apache.poi.ss.usermodel.Row.getCell(int)" is null
Error reading data at [5][2]: Cannot invoke "Object.toString()" because the return value of "org.apache.poi.ss.usermodel.Row.getCell(int)" is null
Error reading data at [6][0]: Cannot invoke "Object.toString()" because the return value of "org.apache.poi.ss.usermodel.Row.getCell(int)" is null
Error reading data at [6][1]: Cannot invoke "Object.toString()" because the return value of "org.apache.poi.ss.usermodel.Row.getCell(int)" is null
Error reading data at [7][0]: Cannot invoke "Object.toString()" because the return value of "org.apache.poi.ss.usermodel.Row.getCell(int)" is null
Error reading data at [7][2]: Cannot invoke "Object.toString()" because the return value of "org.apache.poi.ss.usermodel.Row.getCell(int)" is null
Error reading data at [8][0]: Cannot invoke "Object.toString()" because the return value of "org.apache.poi.ss.usermodel.Row.getCell(int)" is null
Error reading data at [8][1]: Cannot invoke "Object.toString()" because the return value of "org.apache.poi.ss.usermodel.Row.getCell(int)" is null
Error reading data at [8][2]: Cannot invoke "Object.toString()" because the return value of "org.apache.poi.ss.usermodel.Row.getCell(int)" is null
Error reading data at [11][0]: Cannot invoke "Object.toString()" because the return value of "org.apache.poi.ss.usermodel.Row.getCell(int)" is null
Error reading data at [11][1]: Cannot invoke "Object.toString()" because the return value of "org.apache.poi.ss.usermodel.Row.getCell(int)" is null
Error reading data at [11][2]: Cannot invoke "Object.toString()" because the return value of "org.apache.poi.ss.usermodel.Row.getCell(int)" is null
org.openqa.selenium.UnhandledAlertException: unexpected alert open: {Alert text : Customer added successfully with customer id :6}
  (Session info: chrome=131.0.6778.86): Customer added successfully with customer id :6
Build info: version: '4.23.0', revision: '4df0a231af'
System info: os.name: 'Windows 10', os.arch: 'amd64', os.version: '10.0', java.version: '17.0.11'
Driver info: org.openqa.selenium.chrome.ChromeDriver
Command: [faeeb7f25da420fcd919c3ac1bfa6c95, findElement {value=input[ng-model='fName'], using=css selector}]
Capabilities {acceptInsecureCerts: false, browserName: chrome, browserVersion: 131.0.6778.86, chrome: {chromedriverVersion: 131.0.6778.85 (3d81e41b6f3a..., userDataDir: C:\Users\SHIVKU~1.K\AppData...}, fedcm:accounts: true, goog:chromeOptions: {debuggerAddress: localhost:64065}, networkConnectionEnabled: false, pageLoadStrategy: normal, platformName: windows, proxy: Proxy(), se:cdp: ws://localhost:64065/devtoo..., se:cdpVersion: 131.0.6778.86, setWindowRect: true, strictFileInteractability: false, timeouts: {implicit: 0, pageLoad: 300000, script: 30000}, unhandledPromptBehavior: dismiss and notify, webauthn:extension:credBlob: true, webauthn:extension:largeBlob: true, webauthn:extension:minPinLength: true, webauthn:extension:prf: true, webauthn:virtualAuthenticators: true}
Session ID: faeeb7f25da420fcd919c3ac1bfa6c95
	at org.openqa.selenium.remote.codec.w3c.W3CHttpResponseCodec.decode(W3CHttpResponseCodec.java:136)
	at org.openqa.selenium.remote.codec.w3c.W3CHttpResponseCodec.decode(W3CHttpResponseCodec.java:50)
	at org.openqa.selenium.remote.HttpCommandExecutor.execute(HttpCommandExecutor.java:190)
	at org.openqa.selenium.remote.service.DriverCommandExecutor.invokeExecute(DriverCommandExecutor.java:216)
	at org.openqa.selenium.remote.service.DriverCommandExecutor.execute(DriverCommandExecutor.java:174)
	at org.openqa.selenium.remote.RemoteWebDriver.execute(RemoteWebDriver.java:527)
	at org.openqa.selenium.remote.ElementLocation$ElementFinder$2.findElement(ElementLocation.java:165)
	at org.openqa.selenium.remote.ElementLocation.findElement(ElementLocation.java:59)
	at org.openqa.selenium.remote.RemoteWebDriver.findElement(RemoteWebDriver.java:357)
	at org.openqa.selenium.remote.RemoteWebDriver.findElement(RemoteWebDriver.java:351)
	at org.openqa.selenium.support.ui.ExpectedConditions$7.apply(ExpectedConditions.java:194)
	at org.openqa.selenium.support.ui.ExpectedConditions$7.apply(ExpectedConditions.java:190)
	at org.openqa.selenium.support.ui.ExpectedConditions$22.apply(ExpectedConditions.java:627)
	at org.openqa.selenium.support.ui.ExpectedConditions$22.apply(ExpectedConditions.java:624)
	at org.openqa.selenium.support.ui.FluentWait.until(FluentWait.java:203)
	at com.shiv.common.BaseSetup.isTextEmpty(BaseSetup.java:157)
	at com.shiv.testcases.AddCustomerTest.addCustomerTest(AddCustomerTest.java:58)
	at java.base/jdk.internal.reflect.NativeMethodAccessorImpl.invoke0(Native Method)
	at java.base/jdk.internal.reflect.NativeMethodAccessorImpl.invoke(NativeMethodAccessorImpl.java:77)
	at java.base/jdk.internal.reflect.DelegatingMethodAccessorImpl.invoke(DelegatingMethodAccessorImpl.java:43)
	at java.base/java.lang.reflect.Method.invoke(Method.java:568)
	at org.testng.internal.invokers.MethodInvocationHelper.invokeMethod(MethodInvocationHelper.java:139)
	at org.testng.internal.invokers.TestInvoker.invokeMethod(TestInvoker.java:664)
	at org.testng.internal.invokers.TestInvoker.invokeTestMethod(TestInvoker.java:227)
	at org.testng.internal.invokers.MethodRunner.runInSequence(MethodRunner.java:50)
	at org.testng.internal.invokers.TestInvoker$MethodInvocationAgent.invoke(TestInvoker.java:957)
	at org.testng.internal.invokers.TestInvoker.invokeTestMethods(TestInvoker.java:200)
	at org.testng.internal.invokers.TestMethodWorker.invokeTestMethods(TestMethodWorker.java:148)
	at org.testng.internal.invokers.TestMethodWorker.run(TestMethodWorker.java:128)
	at java.base/java.util.ArrayList.forEach(ArrayList.java:1511)
	at org.testng.TestRunner.privateRun(TestRunner.java:848)
	at org.testng.TestRunner.run(TestRunner.java:621)
	at org.testng.SuiteRunner.runTest(SuiteRunner.java:443)
	at org.testng.SuiteRunner.runSequentially(SuiteRunner.java:437)
	at org.testng.SuiteRunner.privateRun(SuiteRunner.java:397)
	at org.testng.SuiteRunner.run(SuiteRunner.java:336)
	at org.testng.SuiteRunnerWorker.runSuite(SuiteRunnerWorker.java:52)
	at org.testng.SuiteRunnerWorker.run(SuiteRunnerWorker.java:95)
	at org.testng.TestNG.runSuitesSequentially(TestNG.java:1280)
	at org.testng.TestNG.runSuitesLocally(TestNG.java:1200)
	at org.testng.TestNG.runSuites(TestNG.java:1114)
	at org.testng.TestNG.run(TestNG.java:1082)
	at org.apache.maven.surefire.testng.TestNGExecutor.run(TestNGExecutor.java:308)
	at org.apache.maven.surefire.testng.TestNGXmlTestSuite.execute(TestNGXmlTestSuite.java:71)
	at org.apache.maven.surefire.testng.TestNGProvider.invoke(TestNGProvider.java:113)
	at org.apache.maven.surefire.booter.ForkedBooter.runSuitesInProcess(ForkedBooter.java:385)
	at org.apache.maven.surefire.booter.ForkedBooter.execute(ForkedBooter.java:162)
	at org.apache.maven.surefire.booter.ForkedBooter.run(ForkedBooter.java:507)
	at org.apache.maven.surefire.booter.ForkedBooter.main(ForkedBooter.java:495)
]]></system-err>
  </testcase>
  <testcase name="addCustomerTest[{alerttext=Customer added successfully, postcode=123456.0, lastname=Konnuri, runmode=Y, firstname=Shivkumar}](2)" classname="com.shiv.testcases.AddCustomerTest" time="0.573">
    <system-out><![CDATA[DEBUG   17332   [freemark] (): TemplateLoader.findTemplateSource("spark/spark.spa_en_IN.ftl"): Not found
DEBUG   17332   [freemark] (): TemplateLoader.findTemplateSource("spark/spark.spa_en.ftl"): Not found
DEBUG   17332   [freemark] (): TemplateLoader.findTemplateSource("spark/spark.spa.ftl"): Found
DEBUG   17332   [freemark] (): "spark/spark.spa.ftl"("en_IN", UTF-8, parsed): using cached since jar:file:/C:/Users/Shivkumar.K/.m2/repository/com/aventstack/extentreports/5.1.2/extentreports-5.1.2.jar!/com/aventstack/extentreports/templates/spark/spark.spa.ftl hasn't changed.
DEBUG   17332   [freemark] (): TemplateLoader.findTemplateSource("commons/commons-variables_en_IN.ftl"): Not found
DEBUG   17332   [freemark] (): TemplateLoader.findTemplateSource("commons/commons-variables_en.ftl"): Not found
DEBUG   17332   [freemark] (): TemplateLoader.findTemplateSource("commons/commons-variables.ftl"): Found
DEBUG   17332   [freemark] (): "commons/commons-variables.ftl"("en_IN", UTF-8, parsed): using cached since jar:file:/C:/Users/Shivkumar.K/.m2/repository/com/aventstack/extentreports/5.1.2/extentreports-5.1.2.jar!/com/aventstack/extentreports/templates/commons/commons-variables.ftl hasn't changed.
DEBUG   17332   [freemark] (): TemplateLoader.findTemplateSource("commons/commons-macros_en_IN.ftl"): Not found
DEBUG   17332   [freemark] (): TemplateLoader.findTemplateSource("commons/commons-macros_en.ftl"): Not found
DEBUG   17332   [freemark] (): TemplateLoader.findTemplateSource("commons/commons-macros.ftl"): Found
DEBUG   17332   [freemark] (): "commons/commons-macros.ftl"("en_IN", UTF-8, parsed): using cached since jar:file:/C:/Users/Shivkumar.K/.m2/repository/com/aventstack/extentreports/5.1.2/extentreports-5.1.2.jar!/com/aventstack/extentreports/templates/commons/commons-macros.ftl hasn't changed.
DEBUG   17332   [freemark] (): TemplateLoader.findTemplateSource("spark/macros/attributes_en_IN.ftl"): Not found
DEBUG   17332   [freemark] (): TemplateLoader.findTemplateSource("spark/macros/attributes_en.ftl"): Not found
DEBUG   17332   [freemark] (): TemplateLoader.findTemplateSource("spark/macros/attributes.ftl"): Found
DEBUG   17332   [freemark] (): "spark/macros/attributes.ftl"("en_IN", UTF-8, parsed): using cached since jar:file:/C:/Users/Shivkumar.K/.m2/repository/com/aventstack/extentreports/5.1.2/extentreports-5.1.2.jar!/com/aventstack/extentreports/templates/spark/macros/attributes.ftl hasn't changed.
DEBUG   17332   [freemark] (): TemplateLoader.findTemplateSource("spark/macros/log_en_IN.ftl"): Not found
DEBUG   17332   [freemark] (): TemplateLoader.findTemplateSource("spark/macros/log_en.ftl"): Not found
DEBUG   17332   [freemark] (): TemplateLoader.findTemplateSource("spark/macros/log.ftl"): Found
DEBUG   17332   [freemark] (): "spark/macros/log.ftl"("en_IN", UTF-8, parsed): using cached since jar:file:/C:/Users/Shivkumar.K/.m2/repository/com/aventstack/extentreports/5.1.2/extentreports-5.1.2.jar!/com/aventstack/extentreports/templates/spark/macros/log.ftl hasn't changed.
DEBUG   17332   [freemark] (): TemplateLoader.findTemplateSource("spark/macros/recurse_nodes_en_IN.ftl"): Not found
DEBUG   17332   [freemark] (): TemplateLoader.findTemplateSource("spark/macros/recurse_nodes_en.ftl"): Not found
DEBUG   17332   [freemark] (): TemplateLoader.findTemplateSource("spark/macros/recurse_nodes.ftl"): Found
DEBUG   17332   [freemark] (): "spark/macros/recurse_nodes.ftl"("en_IN", UTF-8, parsed): using cached since jar:file:/C:/Users/Shivkumar.K/.m2/repository/com/aventstack/extentreports/5.1.2/extentreports-5.1.2.jar!/com/aventstack/extentreports/templates/spark/macros/recurse_nodes.ftl hasn't changed.
DEBUG   17332   [freemark] (): "spark/macros/log.ftl"("en_IN", UTF-8, parsed) cached copy not yet stale; using cached.
DEBUG   17332   [freemark] (): TemplateLoader.findTemplateSource("spark/macros/attr-common_en_IN.ftl"): Not found
DEBUG   17332   [freemark] (): TemplateLoader.findTemplateSource("spark/macros/attr-common_en.ftl"): Not found
DEBUG   17332   [freemark] (): TemplateLoader.findTemplateSource("spark/macros/attr-common.ftl"): Found
DEBUG   17332   [freemark] (): "spark/macros/attr-common.ftl"("en_IN", UTF-8, parsed): using cached since jar:file:/C:/Users/Shivkumar.K/.m2/repository/com/aventstack/extentreports/5.1.2/extentreports-5.1.2.jar!/com/aventstack/extentreports/templates/spark/macros/attr-common.ftl hasn't changed.
DEBUG   17332   [freemark] (): TemplateLoader.findTemplateSource("spark/partials/head_en_IN.ftl"): Not found
DEBUG   17332   [freemark] (): TemplateLoader.findTemplateSource("spark/partials/head_en.ftl"): Not found
DEBUG   17332   [freemark] (): TemplateLoader.findTemplateSource("spark/partials/head.ftl"): Found
DEBUG   17332   [freemark] (): "spark/partials/head.ftl"("en_IN", UTF-8, parsed): using cached since jar:file:/C:/Users/Shivkumar.K/.m2/repository/com/aventstack/extentreports/5.1.2/extentreports-5.1.2.jar!/com/aventstack/extentreports/templates/spark/partials/head.ftl hasn't changed.
DEBUG   17332   [freemark] (): TemplateLoader.findTemplateSource("commons/commons-inject-css_en_IN.ftl"): Not found
DEBUG   17332   [freemark] (): TemplateLoader.findTemplateSource("commons/commons-inject-css_en.ftl"): Not found
DEBUG   17332   [freemark] (): TemplateLoader.findTemplateSource("commons/commons-inject-css.ftl"): Found
DEBUG   17332   [freemark] (): "commons/commons-inject-css.ftl"("en_IN", UTF-8, parsed): using cached since jar:file:/C:/Users/Shivkumar.K/.m2/repository/com/aventstack/extentreports/5.1.2/extentreports-5.1.2.jar!/com/aventstack/extentreports/templates/commons/commons-inject-css.ftl hasn't changed.
DEBUG   17332   [freemark] (): TemplateLoader.findTemplateSource("spark/partials/navbar_en_IN.ftl"): Not found
DEBUG   17332   [freemark] (): TemplateLoader.findTemplateSource("spark/partials/navbar_en.ftl"): Not found
DEBUG   17332   [freemark] (): TemplateLoader.findTemplateSource("spark/partials/navbar.ftl"): Found
DEBUG   17332   [freemark] (): "spark/partials/navbar.ftl"("en_IN", UTF-8, parsed): using cached since jar:file:/C:/Users/Shivkumar.K/.m2/repository/com/aventstack/extentreports/5.1.2/extentreports-5.1.2.jar!/com/aventstack/extentreports/templates/spark/partials/navbar.ftl hasn't changed.
DEBUG   17332   [freemark] (): TemplateLoader.findTemplateSource("spark/partials/sidenav_en_IN.ftl"): Not found
DEBUG   17332   [freemark] (): TemplateLoader.findTemplateSource("spark/partials/sidenav_en.ftl"): Not found
DEBUG   17332   [freemark] (): TemplateLoader.findTemplateSource("spark/partials/sidenav.ftl"): Found
DEBUG   17332   [freemark] (): "spark/partials/sidenav.ftl"("en_IN", UTF-8, parsed): using cached since jar:file:/C:/Users/Shivkumar.K/.m2/repository/com/aventstack/extentreports/5.1.2/extentreports-5.1.2.jar!/com/aventstack/extentreports/templates/spark/partials/sidenav.ftl hasn't changed.
DEBUG   17332   [freemark] (): TemplateLoader.findTemplateSource("spark/partials/test_en_IN.ftl"): Not found
DEBUG   17332   [freemark] (): TemplateLoader.findTemplateSource("spark/partials/test_en.ftl"): Not found
DEBUG   17332   [freemark] (): TemplateLoader.findTemplateSource("spark/partials/test.ftl"): Found
DEBUG   17332   [freemark] (): "spark/partials/test.ftl"("en_IN", UTF-8, parsed): using cached since jar:file:/C:/Users/Shivkumar.K/.m2/repository/com/aventstack/extentreports/5.1.2/extentreports-5.1.2.jar!/com/aventstack/extentreports/templates/spark/partials/test.ftl hasn't changed.
DEBUG   17332   [freemark] (): TemplateLoader.findTemplateSource("spark/partials/standard-content_en_IN.ftl"): Not found
DEBUG   17332   [freemark] (): TemplateLoader.findTemplateSource("spark/partials/standard-content_en.ftl"): Not found
DEBUG   17332   [freemark] (): TemplateLoader.findTemplateSource("spark/partials/standard-content.ftl"): Found
DEBUG   17332   [freemark] (): "spark/partials/standard-content.ftl"("en_IN", UTF-8, parsed): using cached since jar:file:/C:/Users/Shivkumar.K/.m2/repository/com/aventstack/extentreports/5.1.2/extentreports-5.1.2.jar!/com/aventstack/extentreports/templates/spark/partials/standard-content.ftl hasn't changed.
DEBUG   17332   [freemark] (): "spark/partials/standard-content.ftl"("en_IN", UTF-8, parsed) cached copy not yet stale; using cached.
DEBUG   17332   [freemark] (): "spark/partials/standard-content.ftl"("en_IN", UTF-8, parsed) cached copy not yet stale; using cached.
DEBUG   17332   [freemark] (): "spark/partials/standard-content.ftl"("en_IN", UTF-8, parsed) cached copy not yet stale; using cached.
DEBUG   17332   [freemark] (): TemplateLoader.findTemplateSource("spark/partials/exception_en_IN.ftl"): Not found
DEBUG   17332   [freemark] (): TemplateLoader.findTemplateSource("spark/partials/exception_en.ftl"): Not found
DEBUG   17332   [freemark] (): TemplateLoader.findTemplateSource("spark/partials/exception.ftl"): Found
DEBUG   17332   [freemark] (): "spark/partials/exception.ftl"("en_IN", UTF-8, parsed): using cached since jar:file:/C:/Users/Shivkumar.K/.m2/repository/com/aventstack/extentreports/5.1.2/extentreports-5.1.2.jar!/com/aventstack/extentreports/templates/spark/partials/exception.ftl hasn't changed.
DEBUG   17332   [freemark] (): TemplateLoader.findTemplateSource("spark/partials/category_en_IN.ftl"): Not found
DEBUG   17332   [freemark] (): TemplateLoader.findTemplateSource("spark/partials/category_en.ftl"): Not found
DEBUG   17332   [freemark] (): TemplateLoader.findTemplateSource("spark/partials/category.ftl"): Found
DEBUG   17332   [freemark] (): "spark/partials/category.ftl"("en_IN", UTF-8, parsed): using cached since jar:file:/C:/Users/Shivkumar.K/.m2/repository/com/aventstack/extentreports/5.1.2/extentreports-5.1.2.jar!/com/aventstack/extentreports/templates/spark/partials/category.ftl hasn't changed.
DEBUG   17332   [freemark] (): TemplateLoader.findTemplateSource("spark/partials/device_en_IN.ftl"): Not found
DEBUG   17332   [freemark] (): TemplateLoader.findTemplateSource("spark/partials/device_en.ftl"): Not found
DEBUG   17332   [freemark] (): TemplateLoader.findTemplateSource("spark/partials/device.ftl"): Found
DEBUG   17332   [freemark] (): "spark/partials/device.ftl"("en_IN", UTF-8, parsed): using cached since jar:file:/C:/Users/Shivkumar.K/.m2/repository/com/aventstack/extentreports/5.1.2/extentreports-5.1.2.jar!/com/aventstack/extentreports/templates/spark/partials/device.ftl hasn't changed.
DEBUG   17332   [freemark] (): TemplateLoader.findTemplateSource("spark/partials/author_en_IN.ftl"): Not found
DEBUG   17332   [freemark] (): TemplateLoader.findTemplateSource("spark/partials/author_en.ftl"): Not found
DEBUG   17332   [freemark] (): TemplateLoader.findTemplateSource("spark/partials/author.ftl"): Found
DEBUG   17332   [freemark] (): "spark/partials/author.ftl"("en_IN", UTF-8, parsed): using cached since jar:file:/C:/Users/Shivkumar.K/.m2/repository/com/aventstack/extentreports/5.1.2/extentreports-5.1.2.jar!/com/aventstack/extentreports/templates/spark/partials/author.ftl hasn't changed.
DEBUG   17332   [freemark] (): TemplateLoader.findTemplateSource("spark/partials/log_en_IN.ftl"): Not found
DEBUG   17332   [freemark] (): TemplateLoader.findTemplateSource("spark/partials/log_en.ftl"): Not found
DEBUG   17332   [freemark] (): TemplateLoader.findTemplateSource("spark/partials/log.ftl"): Found
DEBUG   17332   [freemark] (): "spark/partials/log.ftl"("en_IN", UTF-8, parsed): using cached since jar:file:/C:/Users/Shivkumar.K/.m2/repository/com/aventstack/extentreports/5.1.2/extentreports-5.1.2.jar!/com/aventstack/extentreports/templates/spark/partials/log.ftl hasn't changed.
DEBUG   17332   [freemark] (): TemplateLoader.findTemplateSource("spark/partials/dashboard_en_IN.ftl"): Not found
DEBUG   17332   [freemark] (): TemplateLoader.findTemplateSource("spark/partials/dashboard_en.ftl"): Not found
DEBUG   17332   [freemark] (): TemplateLoader.findTemplateSource("spark/partials/dashboard.ftl"): Found
DEBUG   17332   [freemark] (): "spark/partials/dashboard.ftl"("en_IN", UTF-8, parsed): using cached since jar:file:/C:/Users/Shivkumar.K/.m2/repository/com/aventstack/extentreports/5.1.2/extentreports-5.1.2.jar!/com/aventstack/extentreports/templates/spark/partials/dashboard.ftl hasn't changed.
DEBUG   17332   [freemark] (): TemplateLoader.findTemplateSource("spark/partials/scripts_en_IN.ftl"): Not found
DEBUG   17332   [freemark] (): TemplateLoader.findTemplateSource("spark/partials/scripts_en.ftl"): Not found
DEBUG   17332   [freemark] (): TemplateLoader.findTemplateSource("spark/partials/scripts.ftl"): Found
DEBUG   17332   [freemark] (): "spark/partials/scripts.ftl"("en_IN", UTF-8, parsed): using cached since jar:file:/C:/Users/Shivkumar.K/.m2/repository/com/aventstack/extentreports/5.1.2/extentreports-5.1.2.jar!/com/aventstack/extentreports/templates/spark/partials/scripts.ftl hasn't changed.
DEBUG   17332   [freemark] (): TemplateLoader.findTemplateSource("commons/commons-inject-js_en_IN.ftl"): Not found
DEBUG   17332   [freemark] (): TemplateLoader.findTemplateSource("commons/commons-inject-js_en.ftl"): Not found
DEBUG   17332   [freemark] (): TemplateLoader.findTemplateSource("commons/commons-inject-js.ftl"): Found
DEBUG   17332   [freemark] (): "commons/commons-inject-js.ftl"("en_IN", UTF-8, parsed): using cached since jar:file:/C:/Users/Shivkumar.K/.m2/repository/com/aventstack/extentreports/5.1.2/extentreports-5.1.2.jar!/com/aventstack/extentreports/templates/commons/commons-inject-js.ftl hasn't changed.

path of xls is java.io.FileInputStream@61a2aeb7
03-12-2024 14:57:42.889 [main] DEBUG org.apache.poi.openxml4j.opc.PackageRelationshipCollection - Parsing relationship: /xl/_rels/workbook.xml.rels
03-12-2024 14:57:42.890 [main] DEBUG org.apache.poi.openxml4j.opc.PackageRelationshipCollection - Parsing relationship: /_rels/.rels
03-12-2024 14:57:42.921 [main] DEBUG com.shiv.common.BaseSetup - Test parameters - FirstName: Shivkumar, LastName: Konnuri, ZipCode: 123456.0, AlertText: Customer added successfully, RunMode: Y
03-12-2024 14:57:42.992 [main] DEBUG com.shiv.common.BaseSetup - Add Customer button clicked
03-12-2024 14:57:42.998 [main] DEBUG com.shiv.common.BaseSetup - Navigated to Add Customer page
03-12-2024 14:57:43.344 [main] DEBUG com.shiv.common.BaseSetup - Add Customer button clicked
03-12-2024 14:57:43.346 [main] INFO  com.shiv.common.BaseSetup - Alert detected: Customer added successfully with customer id :7
03-12-2024 14:57:43.347 [main] INFO  com.shiv.common.BaseSetup - actualAlertText = true
03-12-2024 14:57:43.353 [main] DEBUG com.shiv.common.BaseSetup - Error while checking if text is empty for locator: firstNameInput
org.openqa.selenium.UnhandledAlertException: unexpected alert open: {Alert text : Customer added successfully with customer id :7}
  (Session info: chrome=131.0.6778.86): Customer added successfully with customer id :7
Build info: version: '4.23.0', revision: '4df0a231af'
System info: os.name: 'Windows 10', os.arch: 'amd64', os.version: '10.0', java.version: '17.0.11'
Driver info: org.openqa.selenium.chrome.ChromeDriver
Command: [faeeb7f25da420fcd919c3ac1bfa6c95, findElement {value=input[ng-model='fName'], using=css selector}]
Capabilities {acceptInsecureCerts: false, browserName: chrome, browserVersion: 131.0.6778.86, chrome: {chromedriverVersion: 131.0.6778.85 (3d81e41b6f3a..., userDataDir: C:\Users\SHIVKU~1.K\AppData...}, fedcm:accounts: true, goog:chromeOptions: {debuggerAddress: localhost:64065}, networkConnectionEnabled: false, pageLoadStrategy: normal, platformName: windows, proxy: Proxy(), se:cdp: ws://localhost:64065/devtoo..., se:cdpVersion: 131.0.6778.86, setWindowRect: true, strictFileInteractability: false, timeouts: {implicit: 0, pageLoad: 300000, script: 30000}, unhandledPromptBehavior: dismiss and notify, webauthn:extension:credBlob: true, webauthn:extension:largeBlob: true, webauthn:extension:minPinLength: true, webauthn:extension:prf: true, webauthn:virtualAuthenticators: true}
Session ID: faeeb7f25da420fcd919c3ac1bfa6c95
	at org.openqa.selenium.remote.codec.w3c.W3CHttpResponseCodec.decode(W3CHttpResponseCodec.java:136) ~[selenium-remote-driver-4.23.0.jar:?]
	at org.openqa.selenium.remote.codec.w3c.W3CHttpResponseCodec.decode(W3CHttpResponseCodec.java:50) ~[selenium-remote-driver-4.23.0.jar:?]
	at org.openqa.selenium.remote.HttpCommandExecutor.execute(HttpCommandExecutor.java:190) ~[selenium-remote-driver-4.23.0.jar:?]
	at org.openqa.selenium.remote.service.DriverCommandExecutor.invokeExecute(DriverCommandExecutor.java:216) ~[selenium-remote-driver-4.23.0.jar:?]
	at org.openqa.selenium.remote.service.DriverCommandExecutor.execute(DriverCommandExecutor.java:174) ~[selenium-remote-driver-4.23.0.jar:?]
	at org.openqa.selenium.remote.RemoteWebDriver.execute(RemoteWebDriver.java:527) ~[selenium-remote-driver-4.23.0.jar:?]
	at org.openqa.selenium.remote.ElementLocation$ElementFinder$2.findElement(ElementLocation.java:165) ~[selenium-remote-driver-4.23.0.jar:?]
	at org.openqa.selenium.remote.ElementLocation.findElement(ElementLocation.java:59) ~[selenium-remote-driver-4.23.0.jar:?]
	at org.openqa.selenium.remote.RemoteWebDriver.findElement(RemoteWebDriver.java:357) ~[selenium-remote-driver-4.23.0.jar:?]
	at org.openqa.selenium.remote.RemoteWebDriver.findElement(RemoteWebDriver.java:351) ~[selenium-remote-driver-4.23.0.jar:?]
	at org.openqa.selenium.support.ui.ExpectedConditions$7.apply(ExpectedConditions.java:194) ~[selenium-support-4.23.0.jar:?]
	at org.openqa.selenium.support.ui.ExpectedConditions$7.apply(ExpectedConditions.java:190) ~[selenium-support-4.23.0.jar:?]
	at org.openqa.selenium.support.ui.ExpectedConditions$22.apply(ExpectedConditions.java:627) ~[selenium-support-4.23.0.jar:?]
	at org.openqa.selenium.support.ui.ExpectedConditions$22.apply(ExpectedConditions.java:624) ~[selenium-support-4.23.0.jar:?]
	at org.openqa.selenium.support.ui.FluentWait.until(FluentWait.java:203) ~[selenium-support-4.23.0.jar:?]
	at com.shiv.common.BaseSetup.isTextEmpty(BaseSetup.java:157) ~[test-classes/:?]
	at com.shiv.testcases.AddCustomerTest.addCustomerTest(AddCustomerTest.java:58) ~[test-classes/:?]
	at java.base/jdk.internal.reflect.NativeMethodAccessorImpl.invoke0(Native Method) ~[?:?]
	at java.base/jdk.internal.reflect.NativeMethodAccessorImpl.invoke(NativeMethodAccessorImpl.java:77) ~[?:?]
	at java.base/jdk.internal.reflect.DelegatingMethodAccessorImpl.invoke(DelegatingMethodAccessorImpl.java:43) ~[?:?]
	at java.base/java.lang.reflect.Method.invoke(Method.java:568) ~[?:?]
	at org.testng.internal.invokers.MethodInvocationHelper.invokeMethod(MethodInvocationHelper.java:139) ~[testng-7.8.0.jar:7.8.0]
	at org.testng.internal.invokers.TestInvoker.invokeMethod(TestInvoker.java:664) ~[testng-7.8.0.jar:7.8.0]
	at org.testng.internal.invokers.TestInvoker.invokeTestMethod(TestInvoker.java:227) ~[testng-7.8.0.jar:7.8.0]
	at org.testng.internal.invokers.MethodRunner.runInSequence(MethodRunner.java:50) ~[testng-7.8.0.jar:7.8.0]
	at org.testng.internal.invokers.TestInvoker$MethodInvocationAgent.invoke(TestInvoker.java:957) ~[testng-7.8.0.jar:7.8.0]
	at org.testng.internal.invokers.TestInvoker.invokeTestMethods(TestInvoker.java:200) ~[testng-7.8.0.jar:7.8.0]
	at org.testng.internal.invokers.TestMethodWorker.invokeTestMethods(TestMethodWorker.java:148) ~[testng-7.8.0.jar:7.8.0]
	at org.testng.internal.invokers.TestMethodWorker.run(TestMethodWorker.java:128) ~[testng-7.8.0.jar:7.8.0]
	at java.base/java.util.ArrayList.forEach(ArrayList.java:1511) [?:?]
	at org.testng.TestRunner.privateRun(TestRunner.java:848) [testng-7.8.0.jar:7.8.0]
	at org.testng.TestRunner.run(TestRunner.java:621) [testng-7.8.0.jar:7.8.0]
	at org.testng.SuiteRunner.runTest(SuiteRunner.java:443) [testng-7.8.0.jar:7.8.0]
	at org.testng.SuiteRunner.runSequentially(SuiteRunner.java:437) [testng-7.8.0.jar:7.8.0]
	at org.testng.SuiteRunner.privateRun(SuiteRunner.java:397) [testng-7.8.0.jar:7.8.0]
	at org.testng.SuiteRunner.run(SuiteRunner.java:336) [testng-7.8.0.jar:7.8.0]
	at org.testng.SuiteRunnerWorker.runSuite(SuiteRunnerWorker.java:52) [testng-7.8.0.jar:7.8.0]
	at org.testng.SuiteRunnerWorker.run(SuiteRunnerWorker.java:95) [testng-7.8.0.jar:7.8.0]
	at org.testng.TestNG.runSuitesSequentially(TestNG.java:1280) [testng-7.8.0.jar:7.8.0]
	at org.testng.TestNG.runSuitesLocally(TestNG.java:1200) [testng-7.8.0.jar:7.8.0]
	at org.testng.TestNG.runSuites(TestNG.java:1114) [testng-7.8.0.jar:7.8.0]
	at org.testng.TestNG.run(TestNG.java:1082) [testng-7.8.0.jar:7.8.0]
	at org.apache.maven.surefire.testng.TestNGExecutor.run(TestNGExecutor.java:308) [surefire-testng-3.5.2.jar:3.5.2]
	at org.apache.maven.surefire.testng.TestNGXmlTestSuite.execute(TestNGXmlTestSuite.java:71) [surefire-testng-3.5.2.jar:3.5.2]
	at org.apache.maven.surefire.testng.TestNGProvider.invoke(TestNGProvider.java:113) [surefire-testng-3.5.2.jar:3.5.2]
	at org.apache.maven.surefire.booter.ForkedBooter.runSuitesInProcess(ForkedBooter.java:385) [surefire-booter-3.5.2.jar:3.5.2]
	at org.apache.maven.surefire.booter.ForkedBooter.execute(ForkedBooter.java:162) [surefire-booter-3.5.2.jar:3.5.2]
	at org.apache.maven.surefire.booter.ForkedBooter.run(ForkedBooter.java:507) [surefire-booter-3.5.2.jar:3.5.2]
	at org.apache.maven.surefire.booter.ForkedBooter.main(ForkedBooter.java:495) [surefire-booter-3.5.2.jar:3.5.2]
Value is  or value true
Value is  or value true
Value is  or value true
03-12-2024 14:57:43.428 [main] DEBUG com.shiv.common.BaseSetup - areFieldsNotEmpty = true
03-12-2024 14:57:43.428 [main] DEBUG com.shiv.common.BaseSetup - areFieldsEmpty = true
03-12-2024 14:57:43.433 [main] DEBUG com.shiv.common.BaseSetup - No alert present. Checking mandatory fields.
Value is  or value true
03-12-2024 14:57:43.457 [main] DEBUG com.shiv.common.BaseSetup - Mandatory fields are missing or invalid.
]]></system-out>
    <system-err><![CDATA[org.openqa.selenium.UnhandledAlertException: unexpected alert open: {Alert text : Customer added successfully with customer id :7}
  (Session info: chrome=131.0.6778.86): Customer added successfully with customer id :7
Build info: version: '4.23.0', revision: '4df0a231af'
System info: os.name: 'Windows 10', os.arch: 'amd64', os.version: '10.0', java.version: '17.0.11'
Driver info: org.openqa.selenium.chrome.ChromeDriver
Command: [faeeb7f25da420fcd919c3ac1bfa6c95, findElement {value=input[ng-model='fName'], using=css selector}]
Capabilities {acceptInsecureCerts: false, browserName: chrome, browserVersion: 131.0.6778.86, chrome: {chromedriverVersion: 131.0.6778.85 (3d81e41b6f3a..., userDataDir: C:\Users\SHIVKU~1.K\AppData...}, fedcm:accounts: true, goog:chromeOptions: {debuggerAddress: localhost:64065}, networkConnectionEnabled: false, pageLoadStrategy: normal, platformName: windows, proxy: Proxy(), se:cdp: ws://localhost:64065/devtoo..., se:cdpVersion: 131.0.6778.86, setWindowRect: true, strictFileInteractability: false, timeouts: {implicit: 0, pageLoad: 300000, script: 30000}, unhandledPromptBehavior: dismiss and notify, webauthn:extension:credBlob: true, webauthn:extension:largeBlob: true, webauthn:extension:minPinLength: true, webauthn:extension:prf: true, webauthn:virtualAuthenticators: true}
Session ID: faeeb7f25da420fcd919c3ac1bfa6c95
	at org.openqa.selenium.remote.codec.w3c.W3CHttpResponseCodec.decode(W3CHttpResponseCodec.java:136)
	at org.openqa.selenium.remote.codec.w3c.W3CHttpResponseCodec.decode(W3CHttpResponseCodec.java:50)
	at org.openqa.selenium.remote.HttpCommandExecutor.execute(HttpCommandExecutor.java:190)
	at org.openqa.selenium.remote.service.DriverCommandExecutor.invokeExecute(DriverCommandExecutor.java:216)
	at org.openqa.selenium.remote.service.DriverCommandExecutor.execute(DriverCommandExecutor.java:174)
	at org.openqa.selenium.remote.RemoteWebDriver.execute(RemoteWebDriver.java:527)
	at org.openqa.selenium.remote.ElementLocation$ElementFinder$2.findElement(ElementLocation.java:165)
	at org.openqa.selenium.remote.ElementLocation.findElement(ElementLocation.java:59)
	at org.openqa.selenium.remote.RemoteWebDriver.findElement(RemoteWebDriver.java:357)
	at org.openqa.selenium.remote.RemoteWebDriver.findElement(RemoteWebDriver.java:351)
	at org.openqa.selenium.support.ui.ExpectedConditions$7.apply(ExpectedConditions.java:194)
	at org.openqa.selenium.support.ui.ExpectedConditions$7.apply(ExpectedConditions.java:190)
	at org.openqa.selenium.support.ui.ExpectedConditions$22.apply(ExpectedConditions.java:627)
	at org.openqa.selenium.support.ui.ExpectedConditions$22.apply(ExpectedConditions.java:624)
	at org.openqa.selenium.support.ui.FluentWait.until(FluentWait.java:203)
	at com.shiv.common.BaseSetup.isTextEmpty(BaseSetup.java:157)
	at com.shiv.testcases.AddCustomerTest.addCustomerTest(AddCustomerTest.java:58)
	at java.base/jdk.internal.reflect.NativeMethodAccessorImpl.invoke0(Native Method)
	at java.base/jdk.internal.reflect.NativeMethodAccessorImpl.invoke(NativeMethodAccessorImpl.java:77)
	at java.base/jdk.internal.reflect.DelegatingMethodAccessorImpl.invoke(DelegatingMethodAccessorImpl.java:43)
	at java.base/java.lang.reflect.Method.invoke(Method.java:568)
	at org.testng.internal.invokers.MethodInvocationHelper.invokeMethod(MethodInvocationHelper.java:139)
	at org.testng.internal.invokers.TestInvoker.invokeMethod(TestInvoker.java:664)
	at org.testng.internal.invokers.TestInvoker.invokeTestMethod(TestInvoker.java:227)
	at org.testng.internal.invokers.MethodRunner.runInSequence(MethodRunner.java:50)
	at org.testng.internal.invokers.TestInvoker$MethodInvocationAgent.invoke(TestInvoker.java:957)
	at org.testng.internal.invokers.TestInvoker.invokeTestMethods(TestInvoker.java:200)
	at org.testng.internal.invokers.TestMethodWorker.invokeTestMethods(TestMethodWorker.java:148)
	at org.testng.internal.invokers.TestMethodWorker.run(TestMethodWorker.java:128)
	at java.base/java.util.ArrayList.forEach(ArrayList.java:1511)
	at org.testng.TestRunner.privateRun(TestRunner.java:848)
	at org.testng.TestRunner.run(TestRunner.java:621)
	at org.testng.SuiteRunner.runTest(SuiteRunner.java:443)
	at org.testng.SuiteRunner.runSequentially(SuiteRunner.java:437)
	at org.testng.SuiteRunner.privateRun(SuiteRunner.java:397)
	at org.testng.SuiteRunner.run(SuiteRunner.java:336)
	at org.testng.SuiteRunnerWorker.runSuite(SuiteRunnerWorker.java:52)
	at org.testng.SuiteRunnerWorker.run(SuiteRunnerWorker.java:95)
	at org.testng.TestNG.runSuitesSequentially(TestNG.java:1280)
	at org.testng.TestNG.runSuitesLocally(TestNG.java:1200)
	at org.testng.TestNG.runSuites(TestNG.java:1114)
	at org.testng.TestNG.run(TestNG.java:1082)
	at org.apache.maven.surefire.testng.TestNGExecutor.run(TestNGExecutor.java:308)
	at org.apache.maven.surefire.testng.TestNGXmlTestSuite.execute(TestNGXmlTestSuite.java:71)
	at org.apache.maven.surefire.testng.TestNGProvider.invoke(TestNGProvider.java:113)
	at org.apache.maven.surefire.booter.ForkedBooter.runSuitesInProcess(ForkedBooter.java:385)
	at org.apache.maven.surefire.booter.ForkedBooter.execute(ForkedBooter.java:162)
	at org.apache.maven.surefire.booter.ForkedBooter.run(ForkedBooter.java:507)
	at org.apache.maven.surefire.booter.ForkedBooter.main(ForkedBooter.java:495)
]]></system-err>
  </testcase>
  <testcase name="addCustomerTest[{alerttext=Customer added successfully, postcode=A234wd, lastname=, runmode=Y, firstname=Ishita}](3)" classname="com.shiv.testcases.AddCustomerTest" time="0.494">
    <system-out><![CDATA[DEBUG   17332   [freemark] (): "spark/spark.spa.ftl"("en_IN", UTF-8, parsed) cached copy not yet stale; using cached.
DEBUG   17332   [freemark] (): "commons/commons-variables.ftl"("en_IN", UTF-8, parsed) cached copy not yet stale; using cached.
DEBUG   17332   [freemark] (): "commons/commons-macros.ftl"("en_IN", UTF-8, parsed) cached copy not yet stale; using cached.
DEBUG   17332   [freemark] (): "spark/macros/attributes.ftl"("en_IN", UTF-8, parsed) cached copy not yet stale; using cached.
DEBUG   17332   [freemark] (): "spark/macros/log.ftl"("en_IN", UTF-8, parsed) cached copy not yet stale; using cached.
DEBUG   17332   [freemark] (): "spark/macros/recurse_nodes.ftl"("en_IN", UTF-8, parsed) cached copy not yet stale; using cached.
DEBUG   17332   [freemark] (): "spark/macros/log.ftl"("en_IN", UTF-8, parsed) cached copy not yet stale; using cached.
DEBUG   17332   [freemark] (): "spark/macros/attr-common.ftl"("en_IN", UTF-8, parsed) cached copy not yet stale; using cached.
DEBUG   17332   [freemark] (): "spark/partials/head.ftl"("en_IN", UTF-8, parsed) cached copy not yet stale; using cached.
DEBUG   17332   [freemark] (): "commons/commons-inject-css.ftl"("en_IN", UTF-8, parsed) cached copy not yet stale; using cached.
DEBUG   17332   [freemark] (): "spark/partials/navbar.ftl"("en_IN", UTF-8, parsed) cached copy not yet stale; using cached.
DEBUG   17332   [freemark] (): "spark/partials/sidenav.ftl"("en_IN", UTF-8, parsed) cached copy not yet stale; using cached.
DEBUG   17332   [freemark] (): "spark/partials/test.ftl"("en_IN", UTF-8, parsed) cached copy not yet stale; using cached.
DEBUG   17332   [freemark] (): "spark/partials/standard-content.ftl"("en_IN", UTF-8, parsed) cached copy not yet stale; using cached.
DEBUG   17332   [freemark] (): "spark/partials/standard-content.ftl"("en_IN", UTF-8, parsed) cached copy not yet stale; using cached.
DEBUG   17332   [freemark] (): "spark/partials/standard-content.ftl"("en_IN", UTF-8, parsed) cached copy not yet stale; using cached.
DEBUG   17332   [freemark] (): "spark/partials/standard-content.ftl"("en_IN", UTF-8, parsed) cached copy not yet stale; using cached.
DEBUG   17332   [freemark] (): "spark/partials/standard-content.ftl"("en_IN", UTF-8, parsed) cached copy not yet stale; using cached.
DEBUG   17332   [freemark] (): "spark/partials/standard-content.ftl"("en_IN", UTF-8, parsed) cached copy not yet stale; using cached.
DEBUG   17332   [freemark] (): "spark/partials/exception.ftl"("en_IN", UTF-8, parsed) cached copy not yet stale; using cached.
DEBUG   17332   [freemark] (): "spark/partials/category.ftl"("en_IN", UTF-8, parsed) cached copy not yet stale; using cached.
DEBUG   17332   [freemark] (): "spark/partials/device.ftl"("en_IN", UTF-8, parsed) cached copy not yet stale; using cached.
DEBUG   17332   [freemark] (): "spark/partials/author.ftl"("en_IN", UTF-8, parsed) cached copy not yet stale; using cached.
DEBUG   17332   [freemark] (): "spark/partials/log.ftl"("en_IN", UTF-8, parsed) cached copy not yet stale; using cached.
DEBUG   17332   [freemark] (): "spark/partials/dashboard.ftl"("en_IN", UTF-8, parsed) cached copy not yet stale; using cached.
DEBUG   17332   [freemark] (): "spark/partials/scripts.ftl"("en_IN", UTF-8, parsed) cached copy not yet stale; using cached.
DEBUG   17332   [freemark] (): "commons/commons-inject-js.ftl"("en_IN", UTF-8, parsed) cached copy not yet stale; using cached.

path of xls is java.io.FileInputStream@6f1c3f18
03-12-2024 14:57:43.477 [main] DEBUG org.apache.poi.openxml4j.opc.PackageRelationshipCollection - Parsing relationship: /xl/_rels/workbook.xml.rels
03-12-2024 14:57:43.478 [main] DEBUG org.apache.poi.openxml4j.opc.PackageRelationshipCollection - Parsing relationship: /_rels/.rels
03-12-2024 14:57:43.494 [main] DEBUG com.shiv.common.BaseSetup - Test parameters - FirstName: Ishita, LastName: , ZipCode: A234wd, AlertText: Customer added successfully, RunMode: Y
03-12-2024 14:57:43.547 [main] DEBUG com.shiv.common.BaseSetup - Add Customer button clicked
03-12-2024 14:57:43.552 [main] DEBUG com.shiv.common.BaseSetup - Navigated to Add Customer page
03-12-2024 14:57:43.896 [main] DEBUG com.shiv.common.BaseSetup - Add Customer button clicked
03-12-2024 14:57:43.899 [main] DEBUG com.shiv.common.BaseSetup - No alert present. Checking mandatory fields.
Value is Ishita or value false
Value is  or value true
03-12-2024 14:57:43.967 [main] DEBUG com.shiv.common.BaseSetup - Mandatory fields are missing or invalid.
]]></system-out>
  </testcase>
  <testcase name="addCustomerTest[{alerttext=Customer added successfully, postcode=A234wd, lastname=Sehgal, runmode=Y, firstname=}](4)" classname="com.shiv.testcases.AddCustomerTest" time="0.474">
    <system-out><![CDATA[DEBUG   17332   [freemark] (): "spark/spark.spa.ftl"("en_IN", UTF-8, parsed) cached copy not yet stale; using cached.
DEBUG   17332   [freemark] (): "commons/commons-variables.ftl"("en_IN", UTF-8, parsed) cached copy not yet stale; using cached.
DEBUG   17332   [freemark] (): "commons/commons-macros.ftl"("en_IN", UTF-8, parsed) cached copy not yet stale; using cached.
DEBUG   17332   [freemark] (): "spark/macros/attributes.ftl"("en_IN", UTF-8, parsed) cached copy not yet stale; using cached.
DEBUG   17332   [freemark] (): "spark/macros/log.ftl"("en_IN", UTF-8, parsed) cached copy not yet stale; using cached.
DEBUG   17332   [freemark] (): "spark/macros/recurse_nodes.ftl"("en_IN", UTF-8, parsed) cached copy not yet stale; using cached.
DEBUG   17332   [freemark] (): "spark/macros/log.ftl"("en_IN", UTF-8, parsed) cached copy not yet stale; using cached.
DEBUG   17332   [freemark] (): "spark/macros/attr-common.ftl"("en_IN", UTF-8, parsed) cached copy not yet stale; using cached.
DEBUG   17332   [freemark] (): "spark/partials/head.ftl"("en_IN", UTF-8, parsed) cached copy not yet stale; using cached.
DEBUG   17332   [freemark] (): "commons/commons-inject-css.ftl"("en_IN", UTF-8, parsed) cached copy not yet stale; using cached.
DEBUG   17332   [freemark] (): "spark/partials/navbar.ftl"("en_IN", UTF-8, parsed) cached copy not yet stale; using cached.
DEBUG   17332   [freemark] (): "spark/partials/sidenav.ftl"("en_IN", UTF-8, parsed) cached copy not yet stale; using cached.
DEBUG   17332   [freemark] (): "spark/partials/test.ftl"("en_IN", UTF-8, parsed) cached copy not yet stale; using cached.
DEBUG   17332   [freemark] (): "spark/partials/standard-content.ftl"("en_IN", UTF-8, parsed) cached copy not yet stale; using cached.
DEBUG   17332   [freemark] (): "spark/partials/standard-content.ftl"("en_IN", UTF-8, parsed) cached copy not yet stale; using cached.
DEBUG   17332   [freemark] (): "spark/partials/standard-content.ftl"("en_IN", UTF-8, parsed) cached copy not yet stale; using cached.
DEBUG   17332   [freemark] (): "spark/partials/standard-content.ftl"("en_IN", UTF-8, parsed) cached copy not yet stale; using cached.
DEBUG   17332   [freemark] (): "spark/partials/standard-content.ftl"("en_IN", UTF-8, parsed) cached copy not yet stale; using cached.
DEBUG   17332   [freemark] (): "spark/partials/standard-content.ftl"("en_IN", UTF-8, parsed) cached copy not yet stale; using cached.
DEBUG   17332   [freemark] (): "spark/partials/standard-content.ftl"("en_IN", UTF-8, parsed) cached copy not yet stale; using cached.
DEBUG   17332   [freemark] (): "spark/partials/standard-content.ftl"("en_IN", UTF-8, parsed) cached copy not yet stale; using cached.
DEBUG   17332   [freemark] (): "spark/partials/exception.ftl"("en_IN", UTF-8, parsed) cached copy not yet stale; using cached.
DEBUG   17332   [freemark] (): "spark/partials/category.ftl"("en_IN", UTF-8, parsed) cached copy not yet stale; using cached.
DEBUG   17332   [freemark] (): "spark/partials/device.ftl"("en_IN", UTF-8, parsed) cached copy not yet stale; using cached.
DEBUG   17332   [freemark] (): "spark/partials/author.ftl"("en_IN", UTF-8, parsed) cached copy not yet stale; using cached.
DEBUG   17332   [freemark] (): "spark/partials/log.ftl"("en_IN", UTF-8, parsed) cached copy not yet stale; using cached.
DEBUG   17332   [freemark] (): "spark/partials/dashboard.ftl"("en_IN", UTF-8, parsed) cached copy not yet stale; using cached.
DEBUG   17332   [freemark] (): "spark/partials/scripts.ftl"("en_IN", UTF-8, parsed) cached copy not yet stale; using cached.
DEBUG   17332   [freemark] (): "commons/commons-inject-js.ftl"("en_IN", UTF-8, parsed) cached copy not yet stale; using cached.

path of xls is java.io.FileInputStream@7926352f
03-12-2024 14:57:43.992 [main] DEBUG org.apache.poi.openxml4j.opc.PackageRelationshipCollection - Parsing relationship: /xl/_rels/workbook.xml.rels
03-12-2024 14:57:43.993 [main] DEBUG org.apache.poi.openxml4j.opc.PackageRelationshipCollection - Parsing relationship: /_rels/.rels
03-12-2024 14:57:44.014 [main] DEBUG com.shiv.common.BaseSetup - Test parameters - FirstName: , LastName: Sehgal, ZipCode: A234wd, AlertText: Customer added successfully, RunMode: Y
03-12-2024 14:57:44.105 [main] DEBUG com.shiv.common.BaseSetup - Add Customer button clicked
03-12-2024 14:57:44.111 [main] DEBUG com.shiv.common.BaseSetup - Navigated to Add Customer page
03-12-2024 14:57:44.431 [main] DEBUG com.shiv.common.BaseSetup - Add Customer button clicked
03-12-2024 14:57:44.434 [main] DEBUG com.shiv.common.BaseSetup - No alert present. Checking mandatory fields.
Value is  or value true
03-12-2024 14:57:44.461 [main] DEBUG com.shiv.common.BaseSetup - Mandatory fields are missing or invalid.
]]></system-out>
  </testcase>
  <testcase name="addCustomerTest[{alerttext=Customer added successfully, postcode=, lastname=Konnuri, runmode=Y, firstname=Shivkumar}](5)" classname="com.shiv.testcases.AddCustomerTest" time="0.509">
    <system-out><![CDATA[DEBUG   17332   [freemark] (): "spark/spark.spa.ftl"("en_IN", UTF-8, parsed) cached copy not yet stale; using cached.
DEBUG   17332   [freemark] (): "commons/commons-variables.ftl"("en_IN", UTF-8, parsed) cached copy not yet stale; using cached.
DEBUG   17332   [freemark] (): "commons/commons-macros.ftl"("en_IN", UTF-8, parsed) cached copy not yet stale; using cached.
DEBUG   17332   [freemark] (): "spark/macros/attributes.ftl"("en_IN", UTF-8, parsed) cached copy not yet stale; using cached.
DEBUG   17332   [freemark] (): "spark/macros/log.ftl"("en_IN", UTF-8, parsed) cached copy not yet stale; using cached.
DEBUG   17332   [freemark] (): "spark/macros/recurse_nodes.ftl"("en_IN", UTF-8, parsed) cached copy not yet stale; using cached.
DEBUG   17332   [freemark] (): "spark/macros/log.ftl"("en_IN", UTF-8, parsed) cached copy not yet stale; using cached.
DEBUG   17332   [freemark] (): "spark/macros/attr-common.ftl"("en_IN", UTF-8, parsed) cached copy not yet stale; using cached.
DEBUG   17332   [freemark] (): "spark/partials/head.ftl"("en_IN", UTF-8, parsed) cached copy not yet stale; using cached.
DEBUG   17332   [freemark] (): "commons/commons-inject-css.ftl"("en_IN", UTF-8, parsed) cached copy not yet stale; using cached.
DEBUG   17332   [freemark] (): "spark/partials/navbar.ftl"("en_IN", UTF-8, parsed) cached copy not yet stale; using cached.
DEBUG   17332   [freemark] (): "spark/partials/sidenav.ftl"("en_IN", UTF-8, parsed) cached copy not yet stale; using cached.
DEBUG   17332   [freemark] (): "spark/partials/test.ftl"("en_IN", UTF-8, parsed) cached copy not yet stale; using cached.
DEBUG   17332   [freemark] (): "spark/partials/standard-content.ftl"("en_IN", UTF-8, parsed) cached copy not yet stale; using cached.
DEBUG   17332   [freemark] (): "spark/partials/standard-content.ftl"("en_IN", UTF-8, parsed) cached copy not yet stale; using cached.
DEBUG   17332   [freemark] (): "spark/partials/standard-content.ftl"("en_IN", UTF-8, parsed) cached copy not yet stale; using cached.
DEBUG   17332   [freemark] (): "spark/partials/standard-content.ftl"("en_IN", UTF-8, parsed) cached copy not yet stale; using cached.
DEBUG   17332   [freemark] (): "spark/partials/standard-content.ftl"("en_IN", UTF-8, parsed) cached copy not yet stale; using cached.
DEBUG   17332   [freemark] (): "spark/partials/standard-content.ftl"("en_IN", UTF-8, parsed) cached copy not yet stale; using cached.
DEBUG   17332   [freemark] (): "spark/partials/standard-content.ftl"("en_IN", UTF-8, parsed) cached copy not yet stale; using cached.
DEBUG   17332   [freemark] (): "spark/partials/standard-content.ftl"("en_IN", UTF-8, parsed) cached copy not yet stale; using cached.
DEBUG   17332   [freemark] (): "spark/partials/standard-content.ftl"("en_IN", UTF-8, parsed) cached copy not yet stale; using cached.
DEBUG   17332   [freemark] (): "spark/partials/standard-content.ftl"("en_IN", UTF-8, parsed) cached copy not yet stale; using cached.
DEBUG   17332   [freemark] (): "spark/partials/exception.ftl"("en_IN", UTF-8, parsed) cached copy not yet stale; using cached.
DEBUG   17332   [freemark] (): "spark/partials/category.ftl"("en_IN", UTF-8, parsed) cached copy not yet stale; using cached.
DEBUG   17332   [freemark] (): "spark/partials/device.ftl"("en_IN", UTF-8, parsed) cached copy not yet stale; using cached.
DEBUG   17332   [freemark] (): "spark/partials/author.ftl"("en_IN", UTF-8, parsed) cached copy not yet stale; using cached.
DEBUG   17332   [freemark] (): "spark/partials/log.ftl"("en_IN", UTF-8, parsed) cached copy not yet stale; using cached.
DEBUG   17332   [freemark] (): "spark/partials/dashboard.ftl"("en_IN", UTF-8, parsed) cached copy not yet stale; using cached.
DEBUG   17332   [freemark] (): "spark/partials/scripts.ftl"("en_IN", UTF-8, parsed) cached copy not yet stale; using cached.
[...]
DEBUG   17332   [freemark] (): "spark/partials/standard-content.ftl"("en_IN", UTF-8, parsed) cached copy not yet stale; using cached.
DEBUG   17332   [freemark] (): "spark/partials/standard-content.ftl"("en_IN", UTF-8, parsed) cached copy not yet stale; using cached.
DEBUG   17332   [freemark] (): "spark/partials/standard-content.ftl"("en_IN", UTF-8, parsed) cached copy not yet stale; using cached.
DEBUG   17332   [freemark] (): "spark/partials/standard-content.ftl"("en_IN", UTF-8, parsed) cached copy not yet stale; using cached.
DEBUG   17332   [freemark] (): "spark/partials/standard-content.ftl"("en_IN", UTF-8, parsed) cached copy not yet stale; using cached.
DEBUG   17332   [freemark] (): "spark/partials/standard-content.ftl"("en_IN", UTF-8, parsed) cached copy not yet stale; using cached.
DEBUG   17332   [freemark] (): "spark/partials/standard-content.ftl"("en_IN", UTF-8, parsed) cached copy not yet stale; using cached.
DEBUG   17332   [freemark] (): "spark/partials/standard-content.ftl"("en_IN", UTF-8, parsed) cached copy not yet stale; using cached.
DEBUG   17332   [freemark] (): "spark/partials/standard-content.ftl"("en_IN", UTF-8, parsed) cached copy not yet stale; using cached.
DEBUG   17332   [freemark] (): "spark/partials/standard-content.ftl"("en_IN", UTF-8, parsed) cached copy not yet stale; using cached.
DEBUG   17332   [freemark] (): "spark/partials/standard-content.ftl"("en_IN", UTF-8, parsed) cached copy not yet stale; using cached.
DEBUG   17332   [freemark] (): "spark/partials/standard-content.ftl"("en_IN", UTF-8, parsed) cached copy not yet stale; using cached.
DEBUG   17332   [freemark] (): "spark/partials/standard-content.ftl"("en_IN", UTF-8, parsed) cached copy not yet stale; using cached.
DEBUG   17332   [freemark] (): "spark/partials/standard-content.ftl"("en_IN", UTF-8, parsed) cached copy not yet stale; using cached.
DEBUG   17332   [freemark] (): "spark/partials/standard-content.ftl"("en_IN", UTF-8, parsed) cached copy not yet stale; using cached.
DEBUG   17332   [freemark] (): "spark/partials/standard-content.ftl"("en_IN", UTF-8, parsed) cached copy not yet stale; using cached.
DEBUG   17332   [freemark] (): "spark/partials/standard-content.ftl"("en_IN", UTF-8, parsed) cached copy not yet stale; using cached.
DEBUG   17332   [freemark] (): "spark/partials/standard-content.ftl"("en_IN", UTF-8, parsed) cached copy not yet stale; using cached.
DEBUG   17332   [freemark] (): "spark/partials/standard-content.ftl"("en_IN", UTF-8, parsed) cached copy not yet stale; using cached.
DEBUG   17332   [freemark] (): "spark/partials/standard-content.ftl"("en_IN", UTF-8, parsed) cached copy not yet stale; using cached.
DEBUG   17332   [freemark] (): "spark/partials/standard-content.ftl"("en_IN", UTF-8, parsed) cached copy not yet stale; using cached.
DEBUG   17332   [freemark] (): "spark/partials/standard-content.ftl"("en_IN", UTF-8, parsed) cached copy not yet stale; using cached.
DEBUG   17332   [freemark] (): "spark/partials/standard-content.ftl"("en_IN", UTF-8, parsed) cached copy not yet stale; using cached.
DEBUG   17332   [freemark] (): "spark/partials/standard-content.ftl"("en_IN", UTF-8, parsed) cached copy not yet stale; using cached.
DEBUG   17332   [freemark] (): "spark/partials/exception.ftl"("en_IN", UTF-8, parsed) cached copy not yet stale; using cached.
DEBUG   17332   [freemark] (): "spark/partials/category.ftl"("en_IN", UTF-8, parsed) cached copy not yet stale; using cached.
DEBUG   17332   [freemark] (): "spark/partials/device.ftl"("en_IN", UTF-8, parsed) cached copy not yet stale; using cached.
DEBUG   17332   [freemark] (): "spark/partials/author.ftl"("en_IN", UTF-8, parsed) cached copy not yet stale; using cached.
DEBUG   17332   [freemark] (): "spark/partials/log.ftl"("en_IN", UTF-8, parsed) cached copy not yet stale; using cached.
DEBUG   17332   [freemark] (): "spark/partials/dashboard.ftl"("en_IN", UTF-8, parsed) cached copy not yet stale; using cached.
DEBUG   17332   [freemark] (): "spark/partials/scripts.ftl"("en_IN", UTF-8, parsed) cached copy not yet stale; using cached.
DEBUG   17332   [freemark] (): "commons/commons-inject-js.ftl"("en_IN", UTF-8, parsed) cached copy not yet stale; using cached.
sheetName = openAccountTest

path of xls is java.io.FileInputStream@280ecc33
03-12-2024 14:57:48.009 [main] DEBUG org.apache.poi.openxml4j.opc.PackageRelationshipCollection - Parsing relationship: /xl/_rels/workbook.xml.rels
03-12-2024 14:57:48.010 [main] DEBUG org.apache.poi.openxml4j.opc.PackageRelationshipCollection - Parsing relationship: /_rels/.rels
Data at [0][0]: Raman Arora
Data at [0][1]: Rupee
Data at [0][2]: Account created successfully
Data at [0][3]: N
Data at [1][0]: Shivkumar Konnuri
Data at [1][1]: Rupee
Data at [1][2]: Account created successfully
Data at [1][3]: Y
Data at [2][3]: Y

path of xls is java.io.FileInputStream@52657d5f
03-12-2024 14:57:48.037 [main] DEBUG org.apache.poi.openxml4j.opc.PackageRelationshipCollection - Parsing relationship: /xl/_rels/workbook.xml.rels
03-12-2024 14:57:48.038 [main] DEBUG org.apache.poi.openxml4j.opc.PackageRelationshipCollection - Parsing relationship: /_rels/.rels
]]></system-out>
    <system-err><![CDATA[Error reading data at [2][0]: Cannot invoke "Object.toString()" because the return value of "org.apache.poi.ss.usermodel.Row.getCell(int)" is null
Error reading data at [2][1]: Cannot invoke "Object.toString()" because the return value of "org.apache.poi.ss.usermodel.Row.getCell(int)" is null
Error reading data at [2][2]: Cannot invoke "Object.toString()" because the return value of "org.apache.poi.ss.usermodel.Row.getCell(int)" is null
]]></system-err>
  </testcase>
  <testcase name="openAccountTest[{currency=Rupee, message=Account created successfully, runmode=Y, customer=Shivkumar Konnuri}](2)" classname="com.shiv.testcases.OpenAccountTest" time="0.0">
    <skipped message="Skipping the test as Run Mode is NO"/>
    <system-out><![CDATA[DEBUG   17332   [freemark] (): "spark/spark.spa.ftl"("en_IN", UTF-8, parsed) cached copy not yet stale; using cached.
DEBUG   17332   [freemark] (): "commons/commons-variables.ftl"("en_IN", UTF-8, parsed) cached copy not yet stale; using cached.
DEBUG   17332   [freemark] (): "commons/commons-macros.ftl"("en_IN", UTF-8, parsed) cached copy not yet stale; using cached.
DEBUG   17332   [freemark] (): "spark/macros/attributes.ftl"("en_IN", UTF-8, parsed) cached copy not yet stale; using cached.
DEBUG   17332   [freemark] (): "spark/macros/log.ftl"("en_IN", UTF-8, parsed) cached copy not yet stale; using cached.
DEBUG   17332   [freemark] (): "spark/macros/recurse_nodes.ftl"("en_IN", UTF-8, parsed) cached copy not yet stale; using cached.
DEBUG   17332   [freemark] (): "spark/macros/log.ftl"("en_IN", UTF-8, parsed) cached copy not yet stale; using cached.
DEBUG   17332   [freemark] (): "spark/macros/attr-common.ftl"("en_IN", UTF-8, parsed) cached copy not yet stale; using cached.
DEBUG   17332   [freemark] (): "spark/partials/head.ftl"("en_IN", UTF-8, parsed) cached copy not yet stale; using cached.
DEBUG   17332   [freemark] (): "commons/commons-inject-css.ftl"("en_IN", UTF-8, parsed) cached copy not yet stale; using cached.
DEBUG   17332   [freemark] (): "spark/partials/navbar.ftl"("en_IN", UTF-8, parsed) cached copy not yet stale; using cached.
DEBUG   17332   [freemark] (): "spark/partials/sidenav.ftl"("en_IN", UTF-8, parsed) cached copy not yet stale; using cached.
DEBUG   17332   [freemark] (): "spark/partials/test.ftl"("en_IN", UTF-8, parsed) cached copy not yet stale; using cached.
DEBUG   17332   [freemark] (): "spark/partials/standard-content.ftl"("en_IN", UTF-8, parsed) cached copy not yet stale; using cached.
DEBUG   17332   [freemark] (): "spark/partials/standard-content.ftl"("en_IN", UTF-8, parsed) cached copy not yet stale; using cached.
DEBUG   17332   [freemark] (): "spark/partials/standard-content.ftl"("en_IN", UTF-8, parsed) cached copy not yet stale; using cached.
DEBUG   17332   [freemark] (): "spark/partials/standard-content.ftl"("en_IN", UTF-8, parsed) cached copy not yet stale; using cached.
DEBUG   17332   [freemark] (): "spark/partials/standard-content.ftl"("en_IN", UTF-8, parsed) cached copy not yet stale; using cached.
DEBUG   17332   [freemark] (): "spark/partials/standard-content.ftl"("en_IN", UTF-8, parsed) cached copy not yet stale; using cached.
DEBUG   17332   [freemark] (): "spark/partials/standard-content.ftl"("en_IN", UTF-8, parsed) cached copy not yet stale; using cached.
DEBUG   17332   [freemark] (): "spark/partials/standard-content.ftl"("en_IN", UTF-8, parsed) cached copy not yet stale; using cached.
DEBUG   17332   [freemark] (): "spark/partials/standard-content.ftl"("en_IN", UTF-8, parsed) cached copy not yet stale; using cached.
DEBUG   17332   [freemark] (): "spark/partials/standard-content.ftl"("en_IN", UTF-8, parsed) cached copy not yet stale; using cached.
DEBUG   17332   [freemark] (): "spark/partials/standard-content.ftl"("en_IN", UTF-8, parsed) cached copy not yet stale; using cached.
DEBUG   17332   [freemark] (): "spark/partials/standard-content.ftl"("en_IN", UTF-8, parsed) cached copy not yet stale; using cached.
DEBUG   17332   [freemark] (): "spark/partials/standard-content.ftl"("en_IN", UTF-8, parsed) cached copy not yet stale; using cached.
DEBUG   17332   [freemark] (): "spark/partials/standard-content.ftl"("en_IN", UTF-8, parsed) cached copy not yet stale; using cached.
DEBUG   17332   [freemark] (): "spark/partials/standard-content.ftl"("en_IN", UTF-8, parsed) cached copy not yet stale; using cached.
DEBUG   17332   [freemark] (): "spark/partials/standard-content.ftl"("en_IN", UTF-8, parsed) cached copy not yet stale; using cached.
DEBUG   17332   [freemark] (): "spark/partials/standard-content.ftl"("en_IN", UTF-8, parsed) cached copy not yet stale; using cached.
DEBUG   17332   [freemark] (): "spark/partials/standard-content.ftl"("en_IN", UTF-8, parsed) cached copy not yet stale; using cached.
DEBUG   17332   [freemark] (): "spark/partials/standard-content.ftl"("en_IN", UTF-8, parsed) cached copy not yet stale; using cached.
DEBUG   17332   [freemark] (): "spark/partials/standard-content.ftl"("en_IN", UTF-8, parsed) cached copy not yet stale; using cached.
DEBUG   17332   [freemark] (): "spark/partials/standard-content.ftl"("en_IN", UTF-8, parsed) cached copy not yet stale; using cached.
DEBUG   17332   [freemark] (): "spark/partials/standard-content.ftl"("en_IN", UTF-8, parsed) cached copy not yet stale; using cached.
DEBUG   17332   [freemark] (): "spark/partials/standard-content.ftl"("en_IN", UTF-8, parsed) cached copy not yet stale; using cached.
DEBUG   17332   [freemark] (): "spark/partials/standard-content.ftl"("en_IN", UTF-8, parsed) cached copy not yet stale; using cached.
DEBUG   17332   [freemark] (): "spark/partials/standard-content.ftl"("en_IN", UTF-8, parsed) cached copy not yet stale; using cached.
DEBUG   17332   [freemark] (): "spark/partials/standard-content.ftl"("en_IN", UTF-8, parsed) cached copy not yet stale; using cached.
DEBUG   17332   [freemark] (): "spark/partials/standard-content.ftl"("en_IN", UTF-8, parsed) cached copy not yet stale; using cached.
DEBUG   17332   [freemark] (): "spark/partials/standard-content.ftl"("en_IN", UTF-8, parsed) cached copy not yet stale; using cached.
DEBUG   17332   [freemark] (): "spark/partials/exception.ftl"("en_IN", UTF-8, parsed) cached copy not yet stale; using cached.
DEBUG   17332   [freemark] (): "spark/partials/category.ftl"("en_IN", UTF-8, parsed) cached copy not yet stale; using cached.
DEBUG   17332   [freemark] (): "spark/partials/device.ftl"("en_IN", UTF-8, parsed) cached copy not yet stale; using cached.
DEBUG   17332   [freemark] (): "spark/partials/author.ftl"("en_IN", UTF-8, parsed) cached copy not yet stale; using cached.
DEBUG   17332   [freemark] (): "spark/partials/log.ftl"("en_IN", UTF-8, parsed) cached copy not yet stale; using cached.
DEBUG   17332   [freemark] (): "spark/partials/dashboard.ftl"("en_IN", UTF-8, parsed) cached copy not yet stale; using cached.
DEBUG   17332   [freemark] (): "spark/partials/scripts.ftl"("en_IN", UTF-8, parsed) cached copy not yet stale; using cached.
DEBUG   17332   [freemark] (): "commons/commons-inject-js.ftl"("en_IN", UTF-8, parsed) cached copy not yet stale; using cached.

path of xls is java.io.FileInputStream@2d07aacc
03-12-2024 14:57:48.087 [main] DEBUG org.apache.poi.openxml4j.opc.PackageRelationshipCollection - Parsing relationship: /xl/_rels/workbook.xml.rels
03-12-2024 14:57:48.088 [main] DEBUG org.apache.poi.openxml4j.opc.PackageRelationshipCollection - Parsing relationship: /_rels/.rels
]]></system-out>
  </testcase>
  <testcase name="openAccountTest[{currency=, message=, runmode=Y, customer=}](3)" classname="com.shiv.testcases.OpenAccountTest" time="0.0">
    <skipped message="Skipping the test as Run Mode is NO"/>
    <system-out><![CDATA[DEBUG   17332   [freemark] (): "spark/spark.spa.ftl"("en_IN", UTF-8, parsed) cached copy not yet stale; using cached.
DEBUG   17332   [freemark] (): "commons/commons-variables.ftl"("en_IN", UTF-8, parsed) cached copy not yet stale; using cached.
DEBUG   17332   [freemark] (): "commons/commons-macros.ftl"("en_IN", UTF-8, parsed) cached copy not yet stale; using cached.
DEBUG   17332   [freemark] (): "spark/macros/attributes.ftl"("en_IN", UTF-8, parsed) cached copy not yet stale; using cached.
DEBUG   17332   [freemark] (): "spark/macros/log.ftl"("en_IN", UTF-8, parsed) cached copy not yet stale; using cached.
DEBUG   17332   [freemark] (): "spark/macros/recurse_nodes.ftl"("en_IN", UTF-8, parsed) cached copy not yet stale; using cached.
DEBUG   17332   [freemark] (): "spark/macros/log.ftl"("en_IN", UTF-8, parsed) cached copy not yet stale; using cached.
DEBUG   17332   [freemark] (): "spark/macros/attr-common.ftl"("en_IN", UTF-8, parsed) cached copy not yet stale; using cached.
DEBUG   17332   [freemark] (): "spark/partials/head.ftl"("en_IN", UTF-8, parsed) cached copy not yet stale; using cached.
DEBUG   17332   [freemark] (): "commons/commons-inject-css.ftl"("en_IN", UTF-8, parsed) cached copy not yet stale; using cached.
DEBUG   17332   [freemark] (): "spark/partials/navbar.ftl"("en_IN", UTF-8, parsed) cached copy not yet stale; using cached.
DEBUG   17332   [freemark] (): "spark/partials/sidenav.ftl"("en_IN", UTF-8, parsed) cached copy not yet stale; using cached.
DEBUG   17332   [freemark] (): "spark/partials/test.ftl"("en_IN", UTF-8, parsed) cached copy not yet stale; using cached.
DEBUG   17332   [freemark] (): "spark/partials/standard-content.ftl"("en_IN", UTF-8, parsed) cached copy not yet stale; using cached.
DEBUG   17332   [freemark] (): "spark/partials/standard-content.ftl"("en_IN", UTF-8, parsed) cached copy not yet stale; using cached.
DEBUG   17332   [freemark] (): "spark/partials/standard-content.ftl"("en_IN", UTF-8, parsed) cached copy not yet stale; using cached.
DEBUG   17332   [freemark] (): "spark/partials/standard-content.ftl"("en_IN", UTF-8, parsed) cached copy not yet stale; using cached.
DEBUG   17332   [freemark] (): "spark/partials/standard-content.ftl"("en_IN", UTF-8, parsed) cached copy not yet stale; using cached.
DEBUG   17332   [freemark] (): "spark/partials/standard-content.ftl"("en_IN", UTF-8, parsed) cached copy not yet stale; using cached.
DEBUG   17332   [freemark] (): "spark/partials/standard-content.ftl"("en_IN", UTF-8, parsed) cached copy not yet stale; using cached.
DEBUG   17332   [freemark] (): "spark/partials/standard-content.ftl"("en_IN", UTF-8, parsed) cached copy not yet stale; using cached.
DEBUG   17332   [freemark] (): "spark/partials/standard-content.ftl"("en_IN", UTF-8, parsed) cached copy not yet stale; using cached.
DEBUG   17332   [freemark] (): "spark/partials/standard-content.ftl"("en_IN", UTF-8, parsed) cached copy not yet stale; using cached.
DEBUG   17332   [freemark] (): "spark/partials/standard-content.ftl"("en_IN", UTF-8, parsed) cached copy not yet stale; using cached.
DEBUG   17332   [freemark] (): "spark/partials/standard-content.ftl"("en_IN", UTF-8, parsed) cached copy not yet stale; using cached.
DEBUG   17332   [freemark] (): "spark/partials/standard-content.ftl"("en_IN", UTF-8, parsed) cached copy not yet stale; using cached.
DEBUG   17332   [freemark] (): "spark/partials/standard-content.ftl"("en_IN", UTF-8, parsed) cached copy not yet stale; using cached.
DEBUG   17332   [freemark] (): "spark/partials/standard-content.ftl"("en_IN", UTF-8, parsed) cached copy not yet stale; using cached.
DEBUG   17332   [freemark] (): "spark/partials/standard-content.ftl"("en_IN", UTF-8, parsed) cached copy not yet stale; using cached.
DEBUG   17332   [freemark] (): "spark/partials/standard-content.ftl"("en_IN", UTF-8, parsed) cached copy not yet stale; using cached.
DEBUG   17332   [freemark] (): "spark/partials/standard-content.ftl"("en_IN", UTF-8, parsed) cached copy not yet stale; using cached.
DEBUG   17332   [freemark] (): "spark/partials/standard-content.ftl"("en_IN", UTF-8, parsed) cached copy not yet stale; using cached.
DEBUG   17332   [freemark] (): "spark/partials/standard-content.ftl"("en_IN", UTF-8, parsed) cached copy not yet stale; using cached.
DEBUG   17332   [freemark] (): "spark/partials/standard-content.ftl"("en_IN", UTF-8, parsed) cached copy not yet stale; using cached.
DEBUG   17332   [freemark] (): "spark/partials/standard-content.ftl"("en_IN", UTF-8, parsed) cached copy not yet stale; using cached.
DEBUG   17332   [freemark] (): "spark/partials/standard-content.ftl"("en_IN", UTF-8, parsed) cached copy not yet stale; using cached.
DEBUG   17332   [freemark] (): "spark/partials/standard-content.ftl"("en_IN", UTF-8, parsed) cached copy not yet stale; using cached.
DEBUG   17332   [freemark] (): "spark/partials/standard-content.ftl"("en_IN", UTF-8, parsed) cached copy not yet stale; using cached.
DEBUG   17332   [freemark] (): "spark/partials/standard-content.ftl"("en_IN", UTF-8, parsed) cached copy not yet stale; using cached.
DEBUG   17332   [freemark] (): "spark/partials/standard-content.ftl"("en_IN", UTF-8, parsed) cached copy not yet stale; using cached.
DEBUG   17332   [freemark] (): "spark/partials/standard-content.ftl"("en_IN", UTF-8, parsed) cached copy not yet stale; using cached.
DEBUG   17332   [freemark] (): "spark/partials/standard-content.ftl"("en_IN", UTF-8, parsed) cached copy not yet stale; using cached.
DEBUG   17332   [freemark] (): "spark/partials/standard-content.ftl"("en_IN", UTF-8, parsed) cached copy not yet stale; using cached.
DEBUG   17332   [freemark] (): "spark/partials/exception.ftl"("en_IN", UTF-8, parsed) cached copy not yet stale; using cached.
DEBUG   17332   [freemark] (): "spark/partials/category.ftl"("en_IN", UTF-8, parsed) cached copy not yet stale; using cached.
DEBUG   17332   [freemark] (): "spark/partials/device.ftl"("en_IN", UTF-8, parsed) cached copy not yet stale; using cached.
DEBUG   17332   [freemark] (): "spark/partials/author.ftl"("en_IN", UTF-8, parsed) cached copy not yet stale; using cached.
DEBUG   17332   [freemark] (): "spark/partials/log.ftl"("en_IN", UTF-8, parsed) cached copy not yet stale; using cached.
DEBUG   17332   [freemark] (): "spark/partials/dashboard.ftl"("en_IN", UTF-8, parsed) cached copy not yet stale; using cached.
DEBUG   17332   [freemark] (): "spark/partials/scripts.ftl"("en_IN", UTF-8, parsed) cached copy not yet stale; using cached.
DEBUG   17332   [freemark] (): "commons/commons-inject-js.ftl"("en_IN", UTF-8, parsed) cached copy not yet stale; using cached.

path of xls is java.io.FileInputStream@17f8db6
03-12-2024 14:57:48.127 [main] DEBUG org.apache.poi.openxml4j.opc.PackageRelationshipCollection - Parsing relationship: /xl/_rels/workbook.xml.rels
03-12-2024 14:57:48.128 [main] DEBUG org.apache.poi.openxml4j.opc.PackageRelationshipCollection - Parsing relationship: /_rels/.rels
]]></system-out>
  </testcase>
</testsuite>