<?xml version="1.0" encoding="UTF-8"?>
<!-- Generated by org.testng.reporters.JUnitXMLReporter -->
<testsuite ignored="0" hostname="SAK-LAPPDC262" failures="0" tests="12" name="Add Customer Test" time="14.317" errors="0" timestamp="2024-11-28T16:32:23 IST">
  <testcase classname="com.shiv.testcases.AddCustomerTest" name="addCustomerTest" time="5.936"/>
  <testcase classname="com.shiv.testcases.AddCustomerTest" name="addCustomerTest" time="0.822"/>
  <testcase classname="com.shiv.testcases.AddCustomerTest" name="addCustomerTest" time="0.615"/>
  <testcase classname="com.shiv.testcases.AddCustomerTest" name="addCustomerTest" time="0.574"/>
  <testcase classname="com.shiv.testcases.AddCustomerTest" name="addCustomerTest" time="0.719"/>
  <testcase classname="com.shiv.testcases.AddCustomerTest" name="addCustomerTest" time="0.534"/>
  <testcase classname="com.shiv.testcases.AddCustomerTest" name="addCustomerTest" time="0.594"/>
  <testcase classname="com.shiv.testcases.AddCustomerTest" name="addCustomerTest" time="0.596"/>
  <testcase classname="com.shiv.testcases.AddCustomerTest" name="addCustomerTest" time="0.527"/>
  <testcase classname="com.shiv.testcases.AddCustomerTest" name="addCustomerTest" time="0.637"/>
  <testcase classname="com.shiv.testcases.AddCustomerTest" name="addCustomerTest" time="0.769"/>
  <testcase classname="com.shiv.testcases.AddCustomerTest" name="addCustomerTest" time="0.715"/>
</testsuite> <!-- Add Customer Test -->
