<?xml version="1.0" encoding="UTF-8"?>
<testsuite name="Open Account Test"
           tests="3"
           failures="0"
           errors="0"
           skipped="3"
           time="0.079">
  <properties />
  
            <testcase name="openAccountTest" time="0.0" classname="com.shiv.testcases.OpenAccountTest">
          <skipped />
    </testcase>
            <testcase name="openAccountTest" time="0.0" classname="com.shiv.testcases.OpenAccountTest">
          <skipped />
    </testcase>
            <testcase name="openAccountTest" time="0.0" classname="com.shiv.testcases.OpenAccountTest">
          <skipped />
    </testcase>
  
  
</testsuite>
