<?xml version="1.0" encoding="UTF-8"?>
<!-- Generated by org.testng.reporters.JUnitXMLReporter -->
<testsuite ignored="0" hostname="SAK-LAPPDC262" failures="0" tests="12" name="Add Customer Test" time="10.895" errors="0" timestamp="2024-12-03T14:57:47 IST">
  <testcase classname="com.shiv.testcases.AddCustomerTest" name="addCustomerTest" time="5.656"/>
  <testcase classname="com.shiv.testcases.AddCustomerTest" name="addCustomerTest" time="0.578"/>
  <testcase classname="com.shiv.testcases.AddCustomerTest" name="addCustomerTest" time="0.496"/>
  <testcase classname="com.shiv.testcases.AddCustomerTest" name="addCustomerTest" time="0.476"/>
  <testcase classname="com.shiv.testcases.AddCustomerTest" name="addCustomerTest" time="0.511"/>
  <testcase classname="com.shiv.testcases.AddCustomerTest" name="addCustomerTest" time="0.485"/>
  <testcase classname="com.shiv.testcases.AddCustomerTest" name="addCustomerTest" time="0.461"/>
  <testcase classname="com.shiv.testcases.AddCustomerTest" name="addCustomerTest" time="0.472"/>
  <testcase classname="com.shiv.testcases.AddCustomerTest" name="addCustomerTest" time="0.403"/>
  <testcase classname="com.shiv.testcases.AddCustomerTest" name="addCustomerTest" time="0.02">
    <skipped/>
  </testcase> <!-- addCustomerTest -->
  <testcase classname="com.shiv.testcases.AddCustomerTest" name="addCustomerTest" time="0.518"/>
  <testcase classname="com.shiv.testcases.AddCustomerTest" name="addCustomerTest" time="0.485"/>
</testsuite> <!-- Add Customer Test -->
