<?xml version="1.0" encoding="UTF-8"?>
<!-- Generated by org.testng.reporters.JUnitXMLReporter -->
<testsuite ignored="0" hostname="SAK-LAPPDC262" failures="0" tests="3" name="Open Account Test" time="0.154" errors="0" timestamp="2024-12-03T14:57:48 IST">
  <testcase classname="com.shiv.testcases.OpenAccountTest" name="openAccountTest" time="0.032">
    <skipped/>
  </testcase> <!-- openAccountTest -->
  <testcase classname="com.shiv.testcases.OpenAccountTest" name="openAccountTest" time="0.024">
    <skipped/>
  </testcase> <!-- openAccountTest -->
  <testcase classname="com.shiv.testcases.OpenAccountTest" name="openAccountTest" time="0.023">
    <skipped/>
  </testcase> <!-- openAccountTest -->
</testsuite> <!-- Open Account Test -->
